<?xml version="1.0" encoding="UTF-8"?>
<coverage generated="1694447637197" clover="3.2.0">
  <project timestamp="1694447637197" name="All files">
    <metrics statements="334" coveredstatements="306" conditionals="109" coveredconditionals="91" methods="82" coveredmethods="72" elements="525" coveredelements="469" complexity="0" loc="334" ncloc="334" packages="18" files="30" classes="30"/>
    <package name="src">
      <metrics statements="24" coveredstatements="24" conditionals="8" coveredconditionals="7" methods="4" coveredmethods="4"/>
      <file name="App.tsx" path="C:\Users\xadmin\dev\github\repos\budgetbolt\ui\src\App.tsx">
        <metrics statements="24" coveredstatements="24" conditionals="8" coveredconditionals="7" methods="4" coveredmethods="4"/>
        <line num="12" count="1" type="stmt"/>
        <line num="13" count="4" type="stmt"/>
        <line num="15" count="4" type="stmt"/>
        <line num="17" count="3" type="stmt"/>
        <line num="18" count="3" type="stmt"/>
        <line num="19" count="3" type="stmt"/>
        <line num="25" count="3" type="cond" truecount="2" falsecount="0"/>
        <line num="26" count="1" type="stmt"/>
        <line num="27" count="1" type="stmt"/>
        <line num="29" count="2" type="stmt"/>
        <line num="30" count="2" type="cond" truecount="1" falsecount="1"/>
        <line num="31" count="2" type="cond" truecount="2" falsecount="0"/>
        <line num="32" count="1" type="stmt"/>
        <line num="33" count="1" type="stmt"/>
        <line num="35" count="1" type="stmt"/>
        <line num="36" count="1" type="stmt"/>
        <line num="42" count="4" type="stmt"/>
        <line num="43" count="4" type="stmt"/>
        <line num="44" count="4" type="cond" truecount="2" falsecount="0"/>
        <line num="45" count="1" type="stmt"/>
        <line num="46" count="1" type="stmt"/>
        <line num="48" count="3" type="stmt"/>
        <line num="50" count="4" type="stmt"/>
        <line num="53" count="4" type="stmt"/>
      </file>
    </package>
    <package name="src.context">
      <metrics statements="10" coveredstatements="7" conditionals="2" coveredconditionals="0" methods="2" coveredmethods="1"/>
      <file name="AppContext.tsx" path="C:\Users\xadmin\dev\github\repos\budgetbolt\ui\src\context\AppContext.tsx">
        <metrics statements="10" coveredstatements="7" conditionals="2" coveredconditionals="0" methods="2" coveredmethods="1"/>
        <line num="14" count="14" type="stmt"/>
        <line num="34" count="14" type="stmt"/>
        <line num="37" count="14" type="stmt"/>
        <line num="40" count="14" type="stmt"/>
        <line num="42" count="4" type="stmt"/>
        <line num="43" count="0" type="cond" truecount="0" falsecount="2"/>
        <line num="46" count="0" type="stmt"/>
        <line num="49" count="0" type="stmt"/>
        <line num="54" count="4" type="stmt"/>
        <line num="57" count="4" type="stmt"/>
      </file>
    </package>
    <package name="src.context.mock">
      <metrics statements="24" coveredstatements="19" conditionals="0" coveredconditionals="0" methods="4" coveredmethods="3"/>
      <file name="AppContext.mock.tsx" path="C:\Users\xadmin\dev\github\repos\budgetbolt\ui\src\context\mock\AppContext.mock.tsx">
        <metrics statements="5" coveredstatements="0" conditionals="0" coveredconditionals="0" methods="1" coveredmethods="0"/>
        <line num="4" count="0" type="stmt"/>
        <line num="6" count="0" type="stmt"/>
        <line num="21" count="0" type="stmt"/>
        <line num="22" count="0" type="stmt"/>
        <line num="27" count="0" type="stmt"/>
      </file>
      <file name="Context.mock.tsx" path="C:\Users\xadmin\dev\github\repos\budgetbolt\ui\src\context\mock\Context.mock.tsx">
        <metrics statements="9" coveredstatements="9" conditionals="0" coveredconditionals="0" methods="1" coveredmethods="1"/>
        <line num="8" count="7" type="stmt"/>
        <line num="9" count="7" type="stmt"/>
        <line num="18" count="7" type="stmt"/>
        <line num="19" count="7" type="stmt"/>
        <line num="26" count="7" type="stmt"/>
        <line num="27" count="7" type="stmt"/>
        <line num="37" count="7" type="stmt"/>
        <line num="38" count="24" type="stmt"/>
        <line num="47" count="24" type="stmt"/>
      </file>
      <file name="LoginContext.mock.tsx" path="C:\Users\xadmin\dev\github\repos\budgetbolt\ui\src\context\mock\LoginContext.mock.tsx">
        <metrics statements="5" coveredstatements="5" conditionals="0" coveredconditionals="0" methods="1" coveredmethods="1"/>
        <line num="5" count="7" type="stmt"/>
        <line num="8" count="7" type="stmt"/>
        <line num="22" count="7" type="stmt"/>
        <line num="23" count="12" type="stmt"/>
        <line num="29" count="12" type="stmt"/>
      </file>
      <file name="ThemeContext.mock.tsx" path="C:\Users\xadmin\dev\github\repos\budgetbolt\ui\src\context\mock\ThemeContext.mock.tsx">
        <metrics statements="5" coveredstatements="5" conditionals="0" coveredconditionals="0" methods="1" coveredmethods="1"/>
        <line num="5" count="1" type="stmt"/>
        <line num="7" count="1" type="stmt"/>
        <line num="19" count="1" type="stmt"/>
        <line num="20" count="4" type="stmt"/>
        <line num="25" count="4" type="stmt"/>
      </file>
    </package>
    <package name="src.pages.Auth">
      <metrics statements="96" coveredstatements="93" conditionals="38" coveredconditionals="37" methods="21" coveredmethods="21"/>
      <file name="index.tsx" path="C:\Users\xadmin\dev\github\repos\budgetbolt\ui\src\pages\Auth\index.tsx">
        <metrics statements="49" coveredstatements="49" conditionals="22" coveredconditionals="22" methods="18" coveredmethods="18"/>
        <line num="12" count="10" type="stmt"/>
        <line num="14" count="357" type="stmt"/>
        <line num="17" count="357" type="stmt"/>
        <line num="20" count="357" type="stmt"/>
        <line num="21" count="357" type="stmt"/>
        <line num="24" count="357" type="stmt"/>
        <line num="25" count="357" type="stmt"/>
        <line num="28" count="357" type="cond" truecount="4" falsecount="0"/>
        <line num="31" count="357" type="stmt"/>
        <line num="34" count="357" type="stmt"/>
        <line num="35" count="162" type="stmt"/>
        <line num="36" count="162" type="cond" truecount="4" falsecount="0"/>
        <line num="37" count="18" type="stmt"/>
        <line num="39" count="144" type="stmt"/>
        <line num="41" count="162" type="cond" truecount="4" falsecount="0"/>
        <line num="42" count="78" type="stmt"/>
        <line num="44" count="84" type="stmt"/>
        <line num="47" count="162" type="stmt"/>
        <line num="51" count="357" type="stmt"/>
        <line num="52" count="87" type="cond" truecount="2" falsecount="0"/>
        <line num="53" count="1" type="stmt"/>
        <line num="58" count="357" type="stmt"/>
        <line num="59" count="48" type="stmt"/>
        <line num="61" count="357" type="stmt"/>
        <line num="62" count="48" type="stmt"/>
        <line num="64" count="357" type="stmt"/>
        <line num="65" count="86" type="stmt"/>
        <line num="67" count="357" type="stmt"/>
        <line num="68" count="86" type="stmt"/>
        <line num="72" count="357" type="stmt"/>
        <line num="73" count="1" type="stmt"/>
        <line num="74" count="1" type="stmt"/>
        <line num="75" count="1" type="stmt"/>
        <line num="76" count="1" type="stmt"/>
        <line num="80" count="357" type="stmt"/>
        <line num="81" count="1" type="stmt"/>
        <line num="82" count="1" type="stmt"/>
        <line num="86" count="357" type="stmt"/>
        <line num="87" count="1" type="stmt"/>
        <line num="91" count="357" type="stmt"/>
        <line num="92" count="1" type="stmt"/>
        <line num="93" count="1" type="stmt"/>
        <line num="96" count="357" type="stmt"/>
        <line num="100" count="1" type="stmt"/>
        <line num="102" count="1" type="stmt"/>
        <line num="117" count="54" type="stmt"/>
        <line num="118" count="6" type="stmt"/>
        <line num="142" count="33" type="stmt"/>
        <line num="143" count="5" type="stmt"/>
      </file>
      <file name="useLogin.tsx" path="C:\Users\xadmin\dev\github\repos\budgetbolt\ui\src\pages\Auth\useLogin.tsx">
        <metrics statements="47" coveredstatements="44" conditionals="16" coveredconditionals="15" methods="3" coveredmethods="3"/>
        <line num="8" count="10" type="stmt"/>
        <line num="10" count="357" type="stmt"/>
        <line num="11" count="357" type="stmt"/>
        <line num="14" count="357" type="stmt"/>
        <line num="15" count="357" type="stmt"/>
        <line num="16" count="357" type="stmt"/>
        <line num="17" count="357" type="stmt"/>
        <line num="18" count="357" type="stmt"/>
        <line num="21" count="357" type="stmt"/>
        <line num="22" count="1" type="stmt"/>
        <line num="23" count="1" type="stmt"/>
        <line num="24" count="1" type="stmt"/>
        <line num="25" count="1" type="stmt"/>
        <line num="29" count="357" type="stmt"/>
        <line num="30" count="12" type="cond" truecount="2" falsecount="0"/>
        <line num="31" count="8" type="stmt"/>
        <line num="32" count="8" type="stmt"/>
        <line num="33" count="8" type="stmt"/>
        <line num="34" count="8" type="cond" truecount="2" falsecount="0"/>
        <line num="36" count="5" type="stmt"/>
        <line num="37" count="5" type="stmt"/>
        <line num="38" count="5" type="stmt"/>
        <line num="44" count="5" type="stmt"/>
        <line num="47" count="3" type="cond" truecount="1" falsecount="1"/>
        <line num="49" count="3" type="stmt"/>
        <line num="59" count="8" type="cond" truecount="2" falsecount="0"/>
        <line num="60" count="3" type="stmt"/>
        <line num="61" count="3" type="stmt"/>
        <line num="63" count="3" type="stmt"/>
        <line num="64" count="3" type="stmt"/>
        <line num="65" count="3" type="cond" truecount="2" falsecount="0"/>
        <line num="66" count="1" type="stmt"/>
        <line num="68" count="5" type="cond" truecount="2" falsecount="0"/>
        <line num="69" count="1" type="stmt"/>
        <line num="70" count="1" type="stmt"/>
        <line num="71" count="4" type="cond" truecount="2" falsecount="0"/>
        <line num="72" count="1" type="stmt"/>
        <line num="73" count="1" type="stmt"/>
        <line num="74" count="3" type="cond" truecount="2" falsecount="0"/>
        <line num="75" count="1" type="stmt"/>
        <line num="76" count="1" type="stmt"/>
        <line num="78" count="2" type="stmt"/>
        <line num="79" count="2" type="stmt"/>
        <line num="82" count="0" type="stmt"/>
        <line num="83" count="0" type="stmt"/>
        <line num="84" count="0" type="stmt"/>
        <line num="90" count="357" type="stmt"/>
      </file>
    </package>
    <package name="src.pages.Auth.components">
      <metrics statements="9" coveredstatements="8" conditionals="12" coveredconditionals="12" methods="5" coveredmethods="4"/>
      <file name="AccountWindow.tsx" path="C:\Users\xadmin\dev\github\repos\budgetbolt\ui\src\pages\Auth\components\AccountWindow.tsx">
        <metrics statements="2" coveredstatements="2" conditionals="0" coveredconditionals="0" methods="1" coveredmethods="1"/>
        <line num="3" count="10" type="stmt"/>
        <line num="4" count="2" type="stmt"/>
      </file>
      <file name="LoginWindow.tsx" path="C:\Users\xadmin\dev\github\repos\budgetbolt\ui\src\pages\Auth\components\LoginWindow.tsx">
        <metrics statements="7" coveredstatements="6" conditionals="12" coveredconditionals="12" methods="4" coveredmethods="3"/>
        <line num="23" count="10" type="stmt"/>
        <line num="24" count="127" type="stmt"/>
        <line num="25" count="127" type="stmt"/>
        <line num="27" count="127" type="stmt"/>
        <line num="29" count="0" type="stmt"/>
        <line num="60" count="1" type="stmt"/>
        <line num="87" count="6" type="stmt"/>
      </file>
    </package>
    <package name="src.pages.Auth.tests">
      <metrics statements="3" coveredstatements="0" conditionals="0" coveredconditionals="0" methods="1" coveredmethods="0"/>
      <file name="test-utils.tsx" path="C:\Users\xadmin\dev\github\repos\budgetbolt\ui\src\pages\Auth\tests\test-utils.tsx">
        <metrics statements="3" coveredstatements="0" conditionals="0" coveredconditionals="0" methods="1" coveredmethods="0"/>
        <line num="4" count="0" type="stmt"/>
        <line num="5" count="0" type="stmt"/>
        <line num="6" count="0" type="stmt"/>
      </file>
    </package>
    <package name="src.pages.BillTracker">
      <metrics statements="17" coveredstatements="16" conditionals="3" coveredconditionals="2" methods="5" coveredmethods="5"/>
      <file name="useCreate.tsx" path="C:\Users\xadmin\dev\github\repos\budgetbolt\ui\src\pages\BillTracker\useCreate.tsx">
        <metrics statements="17" coveredstatements="16" conditionals="3" coveredconditionals="2" methods="5" coveredmethods="5"/>
        <line num="14" count="3" type="stmt"/>
        <line num="16" count="4" type="cond" truecount="1" falsecount="0"/>
        <line num="17" count="4" type="stmt"/>
        <line num="18" count="4" type="stmt"/>
        <line num="20" count="4" type="stmt"/>
        <line num="21" count="2" type="stmt"/>
        <line num="22" count="2" type="stmt"/>
        <line num="25" count="2" type="stmt"/>
        <line num="28" count="2" type="stmt"/>
        <line num="30" count="2" type="stmt"/>
        <line num="33" count="4" type="stmt"/>
        <line num="35" count="2" type="cond" truecount="1" falsecount="1"/>
        <line num="37" count="0" type="stmt"/>
        <line num="39" count="2" type="stmt"/>
        <line num="43" count="4" type="stmt"/>
        <line num="44" count="2" type="stmt"/>
        <line num="57" count="4" type="stmt"/>
      </file>
    </package>
    <package name="src.pages.BillTracker.components">
      <metrics statements="7" coveredstatements="7" conditionals="2" coveredconditionals="1" methods="1" coveredmethods="1"/>
      <file name="Bill.tsx" path="C:\Users\xadmin\dev\github\repos\budgetbolt\ui\src\pages\BillTracker\components\Bill.tsx">
        <metrics statements="7" coveredstatements="7" conditionals="2" coveredconditionals="1" methods="1" coveredmethods="1"/>
        <line num="5" count="3" type="stmt"/>
        <line num="6" count="2" type="stmt"/>
        <line num="7" count="2" type="stmt"/>
        <line num="9" count="2" type="stmt"/>
        <line num="11" count="2" type="stmt"/>
        <line num="13" count="2" type="stmt"/>
        <line num="14" count="2" type="stmt"/>
      </file>
    </package>
    <package name="src.pages.Charts">
      <metrics statements="23" coveredstatements="23" conditionals="4" coveredconditionals="3" methods="3" coveredmethods="3"/>
      <file name="SavingsTrend.tsx" path="C:\Users\xadmin\dev\github\repos\budgetbolt\ui\src\pages\Charts\SavingsTrend.tsx">
        <metrics statements="23" coveredstatements="23" conditionals="4" coveredconditionals="3" methods="3" coveredmethods="3"/>
        <line num="3" count="3" type="stmt"/>
        <line num="5" count="3" type="stmt"/>
        <line num="9" count="3" type="stmt"/>
        <line num="10" count="104" type="stmt"/>
        <line num="14" count="3" type="stmt"/>
        <line num="16" count="3" type="stmt"/>
        <line num="18" count="3" type="cond" truecount="1" falsecount="1"/>
        <line num="20" count="3" type="stmt"/>
        <line num="22" count="3" type="cond" truecount="2" falsecount="0"/>
        <line num="24" count="2" type="stmt"/>
        <line num="25" count="2" type="stmt"/>
        <line num="28" count="2" type="stmt"/>
        <line num="29" count="2" type="stmt"/>
        <line num="30" count="2" type="stmt"/>
        <line num="33" count="2" type="stmt"/>
        <line num="34" count="2" type="stmt"/>
        <line num="37" count="2" type="stmt"/>
        <line num="38" count="2" type="stmt"/>
        <line num="39" count="104" type="stmt"/>
        <line num="40" count="104" type="stmt"/>
        <line num="41" count="104" type="stmt"/>
        <line num="45" count="2" type="stmt"/>
        <line num="50" count="3" type="stmt"/>
      </file>
    </package>
    <package name="src.pages.Dashboard">
      <metrics statements="6" coveredstatements="6" conditionals="2" coveredconditionals="1" methods="2" coveredmethods="2"/>
      <file name="DashboardComponent.tsx" path="C:\Users\xadmin\dev\github\repos\budgetbolt\ui\src\pages\Dashboard\DashboardComponent.tsx">
        <metrics statements="2" coveredstatements="2" conditionals="0" coveredconditionals="0" methods="1" coveredmethods="1"/>
        <line num="14" count="2" type="stmt"/>
        <line num="15" count="1" type="stmt"/>
      </file>
      <file name="index.tsx" path="C:\Users\xadmin\dev\github\repos\budgetbolt\ui\src\pages\Dashboard\index.tsx">
        <metrics statements="4" coveredstatements="4" conditionals="2" coveredconditionals="1" methods="1" coveredmethods="1"/>
        <line num="8" count="1" type="stmt"/>
        <line num="10" count="4" type="stmt"/>
        <line num="13" count="4" type="stmt"/>
        <line num="15" count="4" type="stmt"/>
      </file>
    </package>
    <package name="src.pages.FinancialsSnapshot">
      <metrics statements="5" coveredstatements="5" conditionals="0" coveredconditionals="0" methods="2" coveredmethods="2"/>
      <file name="FinancialsSnapshotComponent.tsx" path="C:\Users\xadmin\dev\github\repos\budgetbolt\ui\src\pages\FinancialsSnapshot\FinancialsSnapshotComponent.tsx">
        <metrics statements="2" coveredstatements="2" conditionals="0" coveredconditionals="0" methods="1" coveredmethods="1"/>
        <line num="12" count="3" type="stmt"/>
        <line num="13" count="2" type="stmt"/>
      </file>
      <file name="index.tsx" path="C:\Users\xadmin\dev\github\repos\budgetbolt\ui\src\pages\FinancialsSnapshot\index.tsx">
        <metrics statements="3" coveredstatements="3" conditionals="0" coveredconditionals="0" methods="1" coveredmethods="1"/>
        <line num="3" count="2" type="stmt"/>
        <line num="5" count="1" type="stmt"/>
        <line num="10" count="1" type="stmt"/>
      </file>
    </package>
    <package name="src.pages.HealthIndicator">
      <metrics statements="14" coveredstatements="14" conditionals="8" coveredconditionals="7" methods="2" coveredmethods="2"/>
      <file name="HealthIndicatorComponent.tsx" path="C:\Users\xadmin\dev\github\repos\budgetbolt\ui\src\pages\HealthIndicator\HealthIndicatorComponent.tsx">
        <metrics statements="2" coveredstatements="2" conditionals="0" coveredconditionals="0" methods="1" coveredmethods="1"/>
        <line num="10" count="3" type="stmt"/>
        <line num="11" count="5" type="stmt"/>
      </file>
      <file name="index.tsx" path="C:\Users\xadmin\dev\github\repos\budgetbolt\ui\src\pages\HealthIndicator\index.tsx">
        <metrics statements="12" coveredstatements="12" conditionals="8" coveredconditionals="7" methods="1" coveredmethods="1"/>
        <line num="5" count="3" type="stmt"/>
        <line num="7" count="5" type="stmt"/>
        <line num="9" count="5" type="stmt"/>
        <line num="12" count="5" type="cond" truecount="2" falsecount="0"/>
        <line num="13" count="1" type="stmt"/>
        <line num="14" count="4" type="cond" truecount="2" falsecount="0"/>
        <line num="15" count="1" type="stmt"/>
        <line num="16" count="3" type="cond" truecount="2" falsecount="0"/>
        <line num="17" count="1" type="stmt"/>
        <line num="18" count="2" type="cond" truecount="1" falsecount="1"/>
        <line num="19" count="2" type="stmt"/>
        <line num="22" count="5" type="stmt"/>
      </file>
    </package>
    <package name="src.pages.MiniWindow">
      <metrics statements="4" coveredstatements="4" conditionals="0" coveredconditionals="0" methods="2" coveredmethods="2"/>
      <file name="MiniWindowComponent.tsx" path="C:\Users\xadmin\dev\github\repos\budgetbolt\ui\src\pages\MiniWindow\MiniWindowComponent.tsx">
        <metrics statements="2" coveredstatements="2" conditionals="0" coveredconditionals="0" methods="1" coveredmethods="1"/>
        <line num="8" count="2" type="stmt"/>
        <line num="9" count="1" type="stmt"/>
      </file>
      <file name="index.tsx" path="C:\Users\xadmin\dev\github\repos\budgetbolt\ui\src\pages\MiniWindow\index.tsx">
        <metrics statements="2" coveredstatements="2" conditionals="0" coveredconditionals="0" methods="1" coveredmethods="1"/>
        <line num="3" count="2" type="stmt"/>
        <line num="4" count="1" type="stmt"/>
      </file>
    </package>
    <package name="src.pages.Plaid">
      <metrics statements="24" coveredstatements="15" conditionals="10" coveredconditionals="6" methods="5" coveredmethods="2"/>
      <file name="PlaidLink.tsx" path="C:\Users\xadmin\dev\github\repos\budgetbolt\ui\src\pages\Plaid\PlaidLink.tsx">
        <metrics statements="24" coveredstatements="15" conditionals="10" coveredconditionals="6" methods="5" coveredmethods="2"/>
        <line num="7" count="11" type="stmt"/>
        <line num="9" count="4" type="stmt"/>
        <line num="10" count="4" type="stmt"/>
        <line num="11" count="4" type="stmt"/>
        <line num="14" count="4" type="stmt"/>
        <line num="16" count="0" type="stmt"/>
        <line num="18" count="0" type="stmt"/>
        <line num="30" count="0" type="stmt"/>
        <line num="40" count="0" type="cond" truecount="0" falsecount="4"/>
        <line num="41" count="0" type="stmt"/>
        <line num="43" count="0" type="stmt"/>
        <line num="46" count="0" type="stmt"/>
        <line num="47" count="0" type="stmt"/>
        <line num="52" count="4" type="stmt"/>
        <line num="54" count="4" type="stmt"/>
        <line num="59" count="4" type="cond" truecount="2" falsecount="0"/>
        <line num="60" count="2" type="stmt"/>
        <line num="61" count="2" type="stmt"/>
        <line num="65" count="4" type="stmt"/>
        <line num="68" count="4" type="stmt"/>
        <line num="69" count="4" type="cond" truecount="4" falsecount="0"/>
        <line num="70" count="1" type="stmt"/>
        <line num="74" count="4" type="stmt"/>
        <line num="78" count="0" type="stmt"/>
      </file>
    </package>
    <package name="src.pages.Refresh">
      <metrics statements="11" coveredstatements="11" conditionals="2" coveredconditionals="2" methods="5" coveredmethods="5"/>
      <file name="RefreshComponent.tsx" path="C:\Users\xadmin\dev\github\repos\budgetbolt\ui\src\pages\Refresh\RefreshComponent.tsx">
        <metrics statements="4" coveredstatements="4" conditionals="2" coveredconditionals="2" methods="2" coveredmethods="2"/>
        <line num="11" count="3" type="stmt"/>
        <line num="13" count="5" type="stmt"/>
        <line num="15" count="5" type="stmt"/>
        <line num="19" count="1" type="stmt"/>
      </file>
      <file name="index.tsx" path="C:\Users\xadmin\dev\github\repos\budgetbolt\ui\src\pages\Refresh\index.tsx">
        <metrics statements="7" coveredstatements="7" conditionals="0" coveredconditionals="0" methods="3" coveredmethods="3"/>
        <line num="7" count="3" type="stmt"/>
        <line num="9" count="3" type="stmt"/>
        <line num="10" count="3" type="stmt"/>
        <line num="13" count="3" type="stmt"/>
        <line num="15" count="1" type="stmt"/>
        <line num="24" count="3" type="stmt"/>
        <line num="29" count="1" type="stmt"/>
      </file>
    </package>
    <package name="src.pages.Sideview">
      <metrics statements="6" coveredstatements="6" conditionals="2" coveredconditionals="2" methods="2" coveredmethods="2"/>
      <file name="SideviewComponent.tsx" path="C:\Users\xadmin\dev\github\repos\budgetbolt\ui\src\pages\Sideview\SideviewComponent.tsx">
        <metrics statements="2" coveredstatements="2" conditionals="0" coveredconditionals="0" methods="1" coveredmethods="1"/>
        <line num="11" count="2" type="stmt"/>
        <line num="12" count="1" type="stmt"/>
      </file>
      <file name="index.tsx" path="C:\Users\xadmin\dev\github\repos\budgetbolt\ui\src\pages\Sideview\index.tsx">
        <metrics statements="4" coveredstatements="4" conditionals="2" coveredconditionals="2" methods="1" coveredmethods="1"/>
        <line num="7" count="2" type="stmt"/>
        <line num="9" count="5" type="stmt"/>
        <line num="10" count="5" type="stmt"/>
        <line num="12" count="5" type="stmt"/>
      </file>
    </package>
    <package name="src.pages.Transaction">
      <metrics statements="38" coveredstatements="36" conditionals="14" coveredconditionals="10" methods="8" coveredmethods="6"/>
      <file name="TransactionComponent.tsx" path="C:\Users\xadmin\dev\github\repos\budgetbolt\ui\src\pages\Transaction\TransactionComponent.tsx">
        <metrics statements="3" coveredstatements="3" conditionals="0" coveredconditionals="0" methods="1" coveredmethods="1"/>
        <line num="12" count="3" type="stmt"/>
        <line num="14" count="2" type="stmt"/>
        <line num="16" count="2" type="stmt"/>
      </file>
      <file name="index.tsx" path="C:\Users\xadmin\dev\github\repos\budgetbolt\ui\src\pages\Transaction\index.tsx">
        <metrics statements="35" coveredstatements="33" conditionals="14" coveredconditionals="10" methods="7" coveredmethods="5"/>
        <line num="18" count="3" type="stmt"/>
        <line num="19" count="5" type="stmt"/>
        <line num="20" count="5" type="stmt"/>
        <line num="23" count="5" type="stmt"/>
        <line num="24" count="5" type="stmt"/>
        <line num="25" count="5" type="stmt"/>
        <line num="27" count="5" type="stmt"/>
        <line num="28" count="5" type="stmt"/>
        <line num="29" count="5" type="stmt"/>
        <line num="31" count="5" type="stmt"/>
        <line num="32" count="3" type="stmt"/>
        <line num="35" count="3" type="stmt"/>
        <line num="36" count="0" type="stmt"/>
        <line num="40" count="3" type="stmt"/>
        <line num="41" count="3" type="stmt"/>
        <line num="42" count="3" type="stmt"/>
        <line num="49" count="2" type="stmt"/>
        <line num="50" count="2" type="stmt"/>
        <line num="51" count="2" type="stmt"/>
        <line num="54" count="2" type="stmt"/>
        <line num="58" count="2" type="cond" truecount="1" falsecount="1"/>
        <line num="59" count="1" type="stmt"/>
        <line num="60" count="1" type="stmt"/>
        <line num="62" count="0" type="stmt"/>
        <line num="65" count="1" type="cond" truecount="1" falsecount="1"/>
        <line num="66" count="1" type="stmt"/>
        <line num="68" count="1" type="stmt"/>
        <line num="73" count="3" type="cond" truecount="1" falsecount="1"/>
        <line num="74" count="3" type="cond" truecount="2" falsecount="0"/>
        <line num="75" count="3" type="stmt"/>
        <line num="76" count="3" type="stmt"/>
        <line num="77" count="3" type="stmt"/>
        <line num="81" count="5" type="stmt"/>
        <line num="83" count="5" type="stmt"/>
        <line num="86" count="4" type="stmt"/>
      </file>
    </package>
    <package name="src.utils">
      <metrics statements="13" coveredstatements="12" conditionals="2" coveredconditionals="1" methods="8" coveredmethods="7"/>
      <file name="test.tsx" path="C:\Users\xadmin\dev\github\repos\budgetbolt\ui\src\utils\test.tsx">
        <metrics statements="13" coveredstatements="12" conditionals="2" coveredconditionals="1" methods="8" coveredmethods="7"/>
        <line num="1" count="4" type="stmt"/>
        <line num="2" count="4" type="stmt"/>
        <line num="4" count="4" type="stmt"/>
        <line num="6" count="2" type="cond" truecount="1" falsecount="1"/>
        <line num="10" count="1" type="stmt"/>
        <line num="14" count="4" type="stmt"/>
        <line num="18" count="0" type="stmt"/>
        <line num="22" count="1" type="stmt"/>
        <line num="27" count="4" type="stmt"/>
        <line num="28" count="2" type="stmt"/>
        <line num="31" count="4" type="stmt"/>
        <line num="32" count="16" type="stmt"/>
        <line num="39" count="16" type="stmt"/>
      </file>
    </package>
  </project>
</coverage>
