{"C:\\Users\\xadmin\\dev\\github\\repos\\budgetbolt\\ui\\src\\App.tsx": {"path":"C:\\Users\\xadmin\\dev\\github\\repos\\budgetbolt\\ui\\src\\App.tsx","statementMap":{"0":{"start":{"line":12,"column":12},"end":{"line":67,"column":1}},"1":{"start":{"line":13,"column":32},"end":{"line":13,"column":54}},"2":{"start":{"line":15,"column":24},"end":{"line":40,"column":3}},"3":{"start":{"line":17,"column":22},"end":{"line":17,"column":42}},"4":{"start":{"line":18,"column":18},"end":{"line":18,"column":62}},"5":{"start":{"line":19,"column":23},"end":{"line":24,"column":8}},"6":{"start":{"line":25,"column":6},"end":{"line":28,"column":7}},"7":{"start":{"line":26,"column":8},"end":{"line":26,"column":65}},"8":{"start":{"line":27,"column":8},"end":{"line":27,"column":15}},"9":{"start":{"line":29,"column":19},"end":{"line":29,"column":40}},"10":{"start":{"line":30,"column":6},"end":{"line":37,"column":7}},"11":{"start":{"line":31,"column":8},"end":{"line":34,"column":9}},"12":{"start":{"line":32,"column":10},"end":{"line":32,"column":67}},"13":{"start":{"line":33,"column":10},"end":{"line":33,"column":17}},"14":{"start":{"line":35,"column":8},"end":{"line":35,"column":78}},"15":{"start":{"line":36,"column":8},"end":{"line":36,"column":60}},"16":{"start":{"line":42,"column":2},"end":{"line":51,"column":41}},"17":{"start":{"line":43,"column":17},"end":{"line":49,"column":5}},"18":{"start":{"line":44,"column":6},"end":{"line":47,"column":7}},"19":{"start":{"line":45,"column":8},"end":{"line":45,"column":97}},"20":{"start":{"line":46,"column":8},"end":{"line":46,"column":15}},"21":{"start":{"line":48,"column":6},"end":{"line":48,"column":22}},"22":{"start":{"line":50,"column":4},"end":{"line":50,"column":11}},"23":{"start":{"line":53,"column":2},"end":{"line":66,"column":4}}},"fnMap":{"0":{"name":"(anonymous_0)","decl":{"start":{"line":12,"column":12},"end":{"line":12,"column":13}},"loc":{"start":{"line":12,"column":18},"end":{"line":67,"column":1}},"line":12},"1":{"name":"(anonymous_1)","decl":{"start":{"line":16,"column":4},"end":{"line":16,"column":5}},"loc":{"start":{"line":16,"column":16},"end":{"line":38,"column":5}},"line":16},"2":{"name":"(anonymous_2)","decl":{"start":{"line":42,"column":12},"end":{"line":42,"column":13}},"loc":{"start":{"line":42,"column":18},"end":{"line":51,"column":3}},"line":42},"3":{"name":"(anonymous_3)","decl":{"start":{"line":43,"column":17},"end":{"line":43,"column":18}},"loc":{"start":{"line":43,"column":29},"end":{"line":49,"column":5}},"line":43}},"branchMap":{"0":{"loc":{"start":{"line":25,"column":6},"end":{"line":28,"column":7}},"type":"if","locations":[{"start":{"line":25,"column":6},"end":{"line":28,"column":7}},{"start":{},"end":{}}],"line":25},"1":{"loc":{"start":{"line":30,"column":6},"end":{"line":37,"column":7}},"type":"if","locations":[{"start":{"line":30,"column":6},"end":{"line":37,"column":7}},{"start":{},"end":{}}],"line":30},"2":{"loc":{"start":{"line":31,"column":8},"end":{"line":34,"column":9}},"type":"if","locations":[{"start":{"line":31,"column":8},"end":{"line":34,"column":9}},{"start":{},"end":{}}],"line":31},"3":{"loc":{"start":{"line":44,"column":6},"end":{"line":47,"column":7}},"type":"if","locations":[{"start":{"line":44,"column":6},"end":{"line":47,"column":7}},{"start":{},"end":{}}],"line":44}},"s":{"0":1,"1":4,"2":4,"3":3,"4":3,"5":3,"6":3,"7":1,"8":1,"9":2,"10":2,"11":2,"12":1,"13":1,"14":1,"15":1,"16":4,"17":4,"18":4,"19":1,"20":1,"21":3,"22":4,"23":4},"f":{"0":4,"1":3,"2":4,"3":4},"b":{"0":[1,2],"1":[2,0],"2":[1,1],"3":[1,3]},"_coverageSchema":"1a1c01bbd47fc00a2c39e90264f33305004495a9","hash":"8a11eb8861c18ad385edc2d3e9edd5f5765fa5ed"}
,"C:\\Users\\xadmin\\dev\\github\\repos\\budgetbolt\\ui\\src\\context\\AppContext.tsx": {"path":"C:\\Users\\xadmin\\dev\\github\\repos\\budgetbolt\\ui\\src\\context\\AppContext.tsx","statementMap":{"0":{"start":{"line":14,"column":28},"end":{"line":20,"column":1}},"1":{"start":{"line":34,"column":19},"end":{"line":34,"column":66}},"2":{"start":{"line":37,"column":21},"end":{"line":37,"column":31}},"3":{"start":{"line":40,"column":62},"end":{"line":58,"column":1}},"4":{"start":{"line":42,"column":18},"end":{"line":51,"column":3}},"5":{"start":{"line":43,"column":4},"end":{"line":50,"column":5}},"6":{"start":{"line":46,"column":8},"end":{"line":46,"column":45}},"7":{"start":{"line":49,"column":8},"end":{"line":49,"column":28}},"8":{"start":{"line":54,"column":28},"end":{"line":54,"column":61}},"9":{"start":{"line":57,"column":2},"end":{"line":57,"column":78}}},"fnMap":{"0":{"name":"(anonymous_0)","decl":{"start":{"line":40,"column":62},"end":{"line":40,"column":63}},"loc":{"start":{"line":40,"column":73},"end":{"line":58,"column":1}},"line":40},"1":{"name":"(anonymous_1)","decl":{"start":{"line":42,"column":18},"end":{"line":42,"column":19}},"loc":{"start":{"line":42,"column":59},"end":{"line":51,"column":3}},"line":42}},"branchMap":{"0":{"loc":{"start":{"line":43,"column":4},"end":{"line":50,"column":5}},"type":"switch","locations":[{"start":{"line":44,"column":6},"end":{"line":46,"column":45}},{"start":{"line":47,"column":6},"end":{"line":49,"column":28}}],"line":43}},"s":{"0":14,"1":14,"2":14,"3":14,"4":4,"5":0,"6":0,"7":0,"8":4,"9":4},"f":{"0":4,"1":0},"b":{"0":[0,0]},"_coverageSchema":"1a1c01bbd47fc00a2c39e90264f33305004495a9","hash":"c4aa5fd00935a2cc1d393ee8f6e5ec0ec066a955"}
,"C:\\Users\\xadmin\\dev\\github\\repos\\budgetbolt\\ui\\src\\context\\mock\\AppContext.mock.tsx": {"path":"C:\\Users\\xadmin\\dev\\github\\repos\\budgetbolt\\ui\\src\\context\\mock\\AppContext.mock.tsx","statementMap":{"0":{"start":{"line":4,"column":28},"end":{"line":4,"column":37}},"1":{"start":{"line":6,"column":28},"end":{"line":13,"column":1}},"2":{"start":{"line":21,"column":36},"end":{"line":28,"column":1}},"3":{"start":{"line":22,"column":18},"end":{"line":26,"column":3}},"4":{"start":{"line":27,"column":2},"end":{"line":27,"column":17}}},"fnMap":{"0":{"name":"(anonymous_0)","decl":{"start":{"line":21,"column":36},"end":{"line":21,"column":37}},"loc":{"start":{"line":21,"column":78},"end":{"line":28,"column":1}},"line":21}},"branchMap":{},"s":{"0":0,"1":0,"2":0,"3":0,"4":0},"f":{"0":0},"b":{}}
,"C:\\Users\\xadmin\\dev\\github\\repos\\budgetbolt\\ui\\src\\context\\mock\\Context.mock.tsx": {"path":"C:\\Users\\xadmin\\dev\\github\\repos\\budgetbolt\\ui\\src\\context\\mock\\Context.mock.tsx","statementMap":{"0":{"start":{"line":8,"column":33},"end":{"line":8,"column":42}},"1":{"start":{"line":9,"column":30},"end":{"line":15,"column":1}},"2":{"start":{"line":18,"column":33},"end":{"line":18,"column":42}},"3":{"start":{"line":19,"column":30},"end":{"line":23,"column":1}},"4":{"start":{"line":26,"column":28},"end":{"line":26,"column":37}},"5":{"start":{"line":27,"column":28},"end":{"line":34,"column":1}},"6":{"start":{"line":37,"column":32},"end":{"line":48,"column":1}},"7":{"start":{"line":38,"column":18},"end":{"line":46,"column":3}},"8":{"start":{"line":47,"column":2},"end":{"line":47,"column":17}}},"fnMap":{"0":{"name":"(anonymous_0)","decl":{"start":{"line":37,"column":32},"end":{"line":37,"column":33}},"loc":{"start":{"line":37,"column":60},"end":{"line":48,"column":1}},"line":37}},"branchMap":{},"s":{"0":7,"1":7,"2":7,"3":7,"4":7,"5":7,"6":7,"7":24,"8":24},"f":{"0":24},"b":{},"_coverageSchema":"1a1c01bbd47fc00a2c39e90264f33305004495a9","hash":"fe0c2a2aa917600174fb54beddc2f0971044641b"}
,"C:\\Users\\xadmin\\dev\\github\\repos\\budgetbolt\\ui\\src\\context\\mock\\LoginContext.mock.tsx": {"path":"C:\\Users\\xadmin\\dev\\github\\repos\\budgetbolt\\ui\\src\\context\\mock\\LoginContext.mock.tsx","statementMap":{"0":{"start":{"line":5,"column":33},"end":{"line":5,"column":42}},"1":{"start":{"line":8,"column":25},"end":{"line":14,"column":1}},"2":{"start":{"line":22,"column":38},"end":{"line":30,"column":1}},"3":{"start":{"line":23,"column":18},"end":{"line":28,"column":3}},"4":{"start":{"line":29,"column":2},"end":{"line":29,"column":17}}},"fnMap":{"0":{"name":"(anonymous_0)","decl":{"start":{"line":22,"column":38},"end":{"line":22,"column":39}},"loc":{"start":{"line":22,"column":66},"end":{"line":30,"column":1}},"line":22}},"branchMap":{},"s":{"0":7,"1":7,"2":7,"3":12,"4":12},"f":{"0":12},"b":{},"_coverageSchema":"1a1c01bbd47fc00a2c39e90264f33305004495a9","hash":"3574be8ee471a5f891580f0d59ee375d3797d00d"}
,"C:\\Users\\xadmin\\dev\\github\\repos\\budgetbolt\\ui\\src\\context\\mock\\ThemeContext.mock.tsx": {"path":"C:\\Users\\xadmin\\dev\\github\\repos\\budgetbolt\\ui\\src\\context\\mock\\ThemeContext.mock.tsx","statementMap":{"0":{"start":{"line":5,"column":33},"end":{"line":5,"column":42}},"1":{"start":{"line":7,"column":30},"end":{"line":11,"column":1}},"2":{"start":{"line":19,"column":38},"end":{"line":26,"column":1}},"3":{"start":{"line":20,"column":18},"end":{"line":24,"column":3}},"4":{"start":{"line":25,"column":2},"end":{"line":25,"column":17}}},"fnMap":{"0":{"name":"(anonymous_0)","decl":{"start":{"line":19,"column":38},"end":{"line":19,"column":39}},"loc":{"start":{"line":19,"column":80},"end":{"line":26,"column":1}},"line":19}},"branchMap":{},"s":{"0":1,"1":1,"2":1,"3":4,"4":4},"f":{"0":4},"b":{},"_coverageSchema":"1a1c01bbd47fc00a2c39e90264f33305004495a9","hash":"ca1e8e42c628776ed372265870a2c1b2b2b26e23"}
,"C:\\Users\\xadmin\\dev\\github\\repos\\budgetbolt\\ui\\src\\pages\\Auth\\index.tsx": {"path":"C:\\Users\\xadmin\\dev\\github\\repos\\budgetbolt\\ui\\src\\pages\\Auth\\index.tsx","statementMap":{"0":{"start":{"line":12,"column":13},"end":{"line":162,"column":1}},"1":{"start":{"line":14,"column":21},"end":{"line":14,"column":45}},"2":{"start":{"line":17,"column":93},"end":{"line":17,"column":117}},"3":{"start":{"line":20,"column":36},"end":{"line":20,"column":48}},"4":{"start":{"line":21,"column":36},"end":{"line":21,"column":48}},"5":{"start":{"line":24,"column":54},"end":{"line":24,"column":69}},"6":{"start":{"line":25,"column":54},"end":{"line":25,"column":69}},"7":{"start":{"line":28,"column":18},"end":{"line":28,"column":96}},"8":{"start":{"line":31,"column":96},"end":{"line":31,"column":131}},"9":{"start":{"line":34,"column":4},"end":{"line":48,"column":29}},"10":{"start":{"line":35,"column":25},"end":{"line":46,"column":9}},"11":{"start":{"line":36,"column":12},"end":{"line":40,"column":13}},"12":{"start":{"line":37,"column":16},"end":{"line":37,"column":43}},"13":{"start":{"line":39,"column":16},"end":{"line":39,"column":44}},"14":{"start":{"line":41,"column":12},"end":{"line":45,"column":13}},"15":{"start":{"line":42,"column":16},"end":{"line":42,"column":43}},"16":{"start":{"line":44,"column":16},"end":{"line":44,"column":44}},"17":{"start":{"line":47,"column":8},"end":{"line":47,"column":19}},"18":{"start":{"line":51,"column":30},"end":{"line":55,"column":5}},"19":{"start":{"line":52,"column":8},"end":{"line":54,"column":9}},"20":{"start":{"line":53,"column":12},"end":{"line":53,"column":33}},"21":{"start":{"line":58,"column":29},"end":{"line":60,"column":5}},"22":{"start":{"line":59,"column":8},"end":{"line":59,"column":40}},"23":{"start":{"line":61,"column":28},"end":{"line":63,"column":5}},"24":{"start":{"line":62,"column":8},"end":{"line":62,"column":47}},"25":{"start":{"line":64,"column":29},"end":{"line":66,"column":5}},"26":{"start":{"line":65,"column":8},"end":{"line":65,"column":40}},"27":{"start":{"line":67,"column":28},"end":{"line":69,"column":5}},"28":{"start":{"line":68,"column":8},"end":{"line":68,"column":47}},"29":{"start":{"line":72,"column":30},"end":{"line":77,"column":5}},"30":{"start":{"line":73,"column":8},"end":{"line":73,"column":24}},"31":{"start":{"line":74,"column":8},"end":{"line":74,"column":24}},"32":{"start":{"line":75,"column":8},"end":{"line":75,"column":22}},"33":{"start":{"line":76,"column":8},"end":{"line":76,"column":130}},"34":{"start":{"line":80,"column":31},"end":{"line":83,"column":5}},"35":{"start":{"line":81,"column":8},"end":{"line":81,"column":28}},"36":{"start":{"line":82,"column":8},"end":{"line":82,"column":79}},"37":{"start":{"line":86,"column":24},"end":{"line":88,"column":5}},"38":{"start":{"line":87,"column":8},"end":{"line":87,"column":78}},"39":{"start":{"line":91,"column":25},"end":{"line":94,"column":5}},"40":{"start":{"line":92,"column":8},"end":{"line":92,"column":29}},"41":{"start":{"line":93,"column":8},"end":{"line":93,"column":71}},"42":{"start":{"line":96,"column":4},"end":{"line":161,"column":6}},"43":{"start":{"line":100,"column":91},"end":{"line":100,"column":104}},"44":{"start":{"line":102,"column":91},"end":{"line":102,"column":105}},"45":{"start":{"line":117,"column":45},"end":{"line":117,"column":85}},"46":{"start":{"line":118,"column":33},"end":{"line":118,"column":59}},"47":{"start":{"line":142,"column":46},"end":{"line":142,"column":87}},"48":{"start":{"line":143,"column":34},"end":{"line":143,"column":61}}},"fnMap":{"0":{"name":"(anonymous_0)","decl":{"start":{"line":12,"column":13},"end":{"line":12,"column":14}},"loc":{"start":{"line":12,"column":19},"end":{"line":162,"column":1}},"line":12},"1":{"name":"(anonymous_1)","decl":{"start":{"line":34,"column":14},"end":{"line":34,"column":15}},"loc":{"start":{"line":34,"column":20},"end":{"line":48,"column":5}},"line":34},"2":{"name":"(anonymous_2)","decl":{"start":{"line":35,"column":25},"end":{"line":35,"column":26}},"loc":{"start":{"line":35,"column":31},"end":{"line":46,"column":9}},"line":35},"3":{"name":"(anonymous_3)","decl":{"start":{"line":51,"column":30},"end":{"line":51,"column":31}},"loc":{"start":{"line":51,"column":98},"end":{"line":55,"column":5}},"line":51},"4":{"name":"(anonymous_4)","decl":{"start":{"line":58,"column":29},"end":{"line":58,"column":30}},"loc":{"start":{"line":58,"column":77},"end":{"line":60,"column":5}},"line":58},"5":{"name":"(anonymous_5)","decl":{"start":{"line":61,"column":28},"end":{"line":61,"column":29}},"loc":{"start":{"line":61,"column":78},"end":{"line":63,"column":5}},"line":61},"6":{"name":"(anonymous_6)","decl":{"start":{"line":64,"column":29},"end":{"line":64,"column":30}},"loc":{"start":{"line":64,"column":77},"end":{"line":66,"column":5}},"line":64},"7":{"name":"(anonymous_7)","decl":{"start":{"line":67,"column":28},"end":{"line":67,"column":29}},"loc":{"start":{"line":67,"column":78},"end":{"line":69,"column":5}},"line":67},"8":{"name":"(anonymous_8)","decl":{"start":{"line":72,"column":30},"end":{"line":72,"column":31}},"loc":{"start":{"line":72,"column":36},"end":{"line":77,"column":5}},"line":72},"9":{"name":"(anonymous_9)","decl":{"start":{"line":80,"column":31},"end":{"line":80,"column":32}},"loc":{"start":{"line":80,"column":37},"end":{"line":83,"column":5}},"line":80},"10":{"name":"(anonymous_10)","decl":{"start":{"line":86,"column":24},"end":{"line":86,"column":25}},"loc":{"start":{"line":86,"column":30},"end":{"line":88,"column":5}},"line":86},"11":{"name":"(anonymous_11)","decl":{"start":{"line":91,"column":25},"end":{"line":91,"column":26}},"loc":{"start":{"line":91,"column":31},"end":{"line":94,"column":5}},"line":91},"12":{"name":"(anonymous_12)","decl":{"start":{"line":100,"column":85},"end":{"line":100,"column":86}},"loc":{"start":{"line":100,"column":91},"end":{"line":100,"column":104}},"line":100},"13":{"name":"(anonymous_13)","decl":{"start":{"line":102,"column":85},"end":{"line":102,"column":86}},"loc":{"start":{"line":102,"column":91},"end":{"line":102,"column":105}},"line":102},"14":{"name":"(anonymous_14)","decl":{"start":{"line":117,"column":34},"end":{"line":117,"column":35}},"loc":{"start":{"line":117,"column":45},"end":{"line":117,"column":85}},"line":117},"15":{"name":"(anonymous_15)","decl":{"start":{"line":118,"column":27},"end":{"line":118,"column":28}},"loc":{"start":{"line":118,"column":33},"end":{"line":118,"column":59}},"line":118},"16":{"name":"(anonymous_16)","decl":{"start":{"line":142,"column":35},"end":{"line":142,"column":36}},"loc":{"start":{"line":142,"column":46},"end":{"line":142,"column":87}},"line":142},"17":{"name":"(anonymous_17)","decl":{"start":{"line":143,"column":28},"end":{"line":143,"column":29}},"loc":{"start":{"line":143,"column":34},"end":{"line":143,"column":61}},"line":143}},"branchMap":{"0":{"loc":{"start":{"line":28,"column":18},"end":{"line":28,"column":96}},"type":"binary-expr","locations":[{"start":{"line":28,"column":18},"end":{"line":28,"column":36}},{"start":{"line":28,"column":40},"end":{"line":28,"column":58}},{"start":{"line":28,"column":62},"end":{"line":28,"column":77}},{"start":{"line":28,"column":81},"end":{"line":28,"column":96}}],"line":28},"1":{"loc":{"start":{"line":36,"column":12},"end":{"line":40,"column":13}},"type":"if","locations":[{"start":{"line":36,"column":12},"end":{"line":40,"column":13}},{"start":{"line":38,"column":19},"end":{"line":40,"column":13}}],"line":36},"2":{"loc":{"start":{"line":36,"column":16},"end":{"line":36,"column":51}},"type":"binary-expr","locations":[{"start":{"line":36,"column":16},"end":{"line":36,"column":39}},{"start":{"line":36,"column":43},"end":{"line":36,"column":51}}],"line":36},"3":{"loc":{"start":{"line":41,"column":12},"end":{"line":45,"column":13}},"type":"if","locations":[{"start":{"line":41,"column":12},"end":{"line":45,"column":13}},{"start":{"line":43,"column":19},"end":{"line":45,"column":13}}],"line":41},"4":{"loc":{"start":{"line":41,"column":16},"end":{"line":41,"column":51}},"type":"binary-expr","locations":[{"start":{"line":41,"column":16},"end":{"line":41,"column":39}},{"start":{"line":41,"column":43},"end":{"line":41,"column":51}}],"line":41},"5":{"loc":{"start":{"line":52,"column":8},"end":{"line":54,"column":9}},"type":"if","locations":[{"start":{"line":52,"column":8},"end":{"line":54,"column":9}},{"start":{},"end":{}}],"line":52},"6":{"loc":{"start":{"line":99,"column":13},"end":{"line":103,"column":13}},"type":"cond-expr","locations":[{"start":{"line":100,"column":16},"end":{"line":100,"column":120}},{"start":{"line":102,"column":16},"end":{"line":102,"column":122}}],"line":99},"7":{"loc":{"start":{"line":105,"column":13},"end":{"line":129,"column":13}},"type":"cond-expr","locations":[{"start":{"line":106,"column":16},"end":{"line":126,"column":18}},{"start":{"line":128,"column":16},"end":{"line":128,"column":20}}],"line":105},"8":{"loc":{"start":{"line":131,"column":13},"end":{"line":153,"column":13}},"type":"cond-expr","locations":[{"start":{"line":132,"column":16},"end":{"line":150,"column":18}},{"start":{"line":152,"column":16},"end":{"line":152,"column":20}}],"line":131},"9":{"loc":{"start":{"line":155,"column":13},"end":{"line":159,"column":13}},"type":"cond-expr","locations":[{"start":{"line":156,"column":16},"end":{"line":156,"column":32}},{"start":{"line":158,"column":16},"end":{"line":158,"column":20}}],"line":155}},"s":{"0":10,"1":357,"2":357,"3":357,"4":357,"5":357,"6":357,"7":357,"8":357,"9":357,"10":162,"11":162,"12":18,"13":144,"14":162,"15":78,"16":84,"17":162,"18":357,"19":87,"20":1,"21":357,"22":48,"23":357,"24":48,"25":357,"26":86,"27":357,"28":86,"29":357,"30":1,"31":1,"32":1,"33":1,"34":357,"35":1,"36":1,"37":357,"38":1,"39":357,"40":1,"41":1,"42":357,"43":1,"44":1,"45":54,"46":6,"47":33,"48":5},"f":{"0":357,"1":162,"2":162,"3":87,"4":48,"5":48,"6":86,"7":86,"8":1,"9":1,"10":1,"11":1,"12":1,"13":1,"14":54,"15":6,"16":33,"17":5},"b":{"0":[357,311,147,119],"1":[18,144],"2":[162,46],"3":[78,84],"4":[162,154],"5":[1,86],"6":[355,2],"7":[208,149],"8":[136,221],"9":[2,355]},"_coverageSchema":"1a1c01bbd47fc00a2c39e90264f33305004495a9","hash":"be146ab161e9d430336ed860514ec83be9a44d9e"}
,"C:\\Users\\xadmin\\dev\\github\\repos\\budgetbolt\\ui\\src\\pages\\Auth\\useLogin.tsx": {"path":"C:\\Users\\xadmin\\dev\\github\\repos\\budgetbolt\\ui\\src\\pages\\Auth\\useLogin.tsx","statementMap":{"0":{"start":{"line":8,"column":24},"end":{"line":99,"column":1}},"1":{"start":{"line":10,"column":25},"end":{"line":10,"column":47}},"2":{"start":{"line":11,"column":30},"end":{"line":11,"column":54}},"3":{"start":{"line":14,"column":38},"end":{"line":14,"column":53}},"4":{"start":{"line":15,"column":34},"end":{"line":15,"column":49}},"5":{"start":{"line":16,"column":34},"end":{"line":16,"column":49}},"6":{"start":{"line":17,"column":44},"end":{"line":17,"column":59}},"7":{"start":{"line":18,"column":42},"end":{"line":18,"column":57}},"8":{"start":{"line":21,"column":24},"end":{"line":26,"column":5}},"9":{"start":{"line":22,"column":8},"end":{"line":22,"column":28}},"10":{"start":{"line":23,"column":8},"end":{"line":23,"column":26}},"11":{"start":{"line":24,"column":8},"end":{"line":24,"column":26}},"12":{"start":{"line":25,"column":8},"end":{"line":25,"column":31}},"13":{"start":{"line":29,"column":23},"end":{"line":87,"column":5}},"14":{"start":{"line":30,"column":8},"end":{"line":86,"column":9}},"15":{"start":{"line":31,"column":12},"end":{"line":31,"column":33}},"16":{"start":{"line":32,"column":12},"end":{"line":85,"column":13}},"17":{"start":{"line":33,"column":31},"end":{"line":33,"column":35}},"18":{"start":{"line":34,"column":16},"end":{"line":56,"column":17}},"19":{"start":{"line":36,"column":36},"end":{"line":36,"column":56}},"20":{"start":{"line":37,"column":44},"end":{"line":37,"column":82}},"21":{"start":{"line":38,"column":20},"end":{"line":41,"column":34}},"22":{"start":{"line":44,"column":20},"end":{"line":46,"column":23}},"23":{"start":{"line":47,"column":23},"end":{"line":56,"column":17}},"24":{"start":{"line":49,"column":20},"end":{"line":55,"column":23}},"25":{"start":{"line":59,"column":16},"end":{"line":80,"column":17}},"26":{"start":{"line":60,"column":20},"end":{"line":60,"column":42}},"27":{"start":{"line":61,"column":46},"end":{"line":61,"column":74}},"28":{"start":{"line":63,"column":20},"end":{"line":63,"column":91}},"29":{"start":{"line":64,"column":20},"end":{"line":64,"column":83}},"30":{"start":{"line":65,"column":20},"end":{"line":67,"column":21}},"31":{"start":{"line":66,"column":24},"end":{"line":66,"column":97}},"32":{"start":{"line":68,"column":23},"end":{"line":80,"column":17}},"33":{"start":{"line":69,"column":20},"end":{"line":69,"column":42}},"34":{"start":{"line":70,"column":20},"end":{"line":70,"column":42}},"35":{"start":{"line":71,"column":23},"end":{"line":80,"column":17}},"36":{"start":{"line":72,"column":20},"end":{"line":72,"column":42}},"37":{"start":{"line":73,"column":20},"end":{"line":73,"column":37}},"38":{"start":{"line":74,"column":23},"end":{"line":80,"column":17}},"39":{"start":{"line":75,"column":20},"end":{"line":75,"column":42}},"40":{"start":{"line":76,"column":20},"end":{"line":76,"column":37}},"41":{"start":{"line":78,"column":20},"end":{"line":78,"column":42}},"42":{"start":{"line":79,"column":20},"end":{"line":79,"column":39}},"43":{"start":{"line":82,"column":16},"end":{"line":82,"column":35}},"44":{"start":{"line":83,"column":16},"end":{"line":83,"column":38}},"45":{"start":{"line":84,"column":16},"end":{"line":84,"column":35}},"46":{"start":{"line":90,"column":4},"end":{"line":98,"column":6}}},"fnMap":{"0":{"name":"(anonymous_0)","decl":{"start":{"line":8,"column":24},"end":{"line":8,"column":25}},"loc":{"start":{"line":8,"column":80},"end":{"line":99,"column":1}},"line":8},"1":{"name":"(anonymous_1)","decl":{"start":{"line":21,"column":24},"end":{"line":21,"column":25}},"loc":{"start":{"line":21,"column":30},"end":{"line":26,"column":5}},"line":21},"2":{"name":"(anonymous_2)","decl":{"start":{"line":29,"column":23},"end":{"line":29,"column":24}},"loc":{"start":{"line":29,"column":51},"end":{"line":87,"column":5}},"line":29}},"branchMap":{"0":{"loc":{"start":{"line":30,"column":8},"end":{"line":86,"column":9}},"type":"if","locations":[{"start":{"line":30,"column":8},"end":{"line":86,"column":9}},{"start":{},"end":{}}],"line":30},"1":{"loc":{"start":{"line":34,"column":16},"end":{"line":56,"column":17}},"type":"if","locations":[{"start":{"line":34,"column":16},"end":{"line":56,"column":17}},{"start":{"line":47,"column":23},"end":{"line":56,"column":17}}],"line":34},"2":{"loc":{"start":{"line":47,"column":23},"end":{"line":56,"column":17}},"type":"if","locations":[{"start":{"line":47,"column":23},"end":{"line":56,"column":17}},{"start":{},"end":{}}],"line":47},"3":{"loc":{"start":{"line":59,"column":16},"end":{"line":80,"column":17}},"type":"if","locations":[{"start":{"line":59,"column":16},"end":{"line":80,"column":17}},{"start":{"line":68,"column":23},"end":{"line":80,"column":17}}],"line":59},"4":{"loc":{"start":{"line":65,"column":20},"end":{"line":67,"column":21}},"type":"if","locations":[{"start":{"line":65,"column":20},"end":{"line":67,"column":21}},{"start":{},"end":{}}],"line":65},"5":{"loc":{"start":{"line":68,"column":23},"end":{"line":80,"column":17}},"type":"if","locations":[{"start":{"line":68,"column":23},"end":{"line":80,"column":17}},{"start":{"line":71,"column":23},"end":{"line":80,"column":17}}],"line":68},"6":{"loc":{"start":{"line":71,"column":23},"end":{"line":80,"column":17}},"type":"if","locations":[{"start":{"line":71,"column":23},"end":{"line":80,"column":17}},{"start":{"line":74,"column":23},"end":{"line":80,"column":17}}],"line":71},"7":{"loc":{"start":{"line":74,"column":23},"end":{"line":80,"column":17}},"type":"if","locations":[{"start":{"line":74,"column":23},"end":{"line":80,"column":17}},{"start":{"line":77,"column":23},"end":{"line":80,"column":17}}],"line":74}},"s":{"0":10,"1":357,"2":357,"3":357,"4":357,"5":357,"6":357,"7":357,"8":357,"9":1,"10":1,"11":1,"12":1,"13":357,"14":12,"15":8,"16":8,"17":8,"18":8,"19":5,"20":5,"21":5,"22":5,"23":3,"24":3,"25":8,"26":3,"27":3,"28":3,"29":3,"30":3,"31":1,"32":5,"33":1,"34":1,"35":4,"36":1,"37":1,"38":3,"39":1,"40":1,"41":2,"42":2,"43":0,"44":0,"45":0,"46":357},"f":{"0":357,"1":1,"2":12},"b":{"0":[8,4],"1":[5,3],"2":[3,0],"3":[3,5],"4":[1,2],"5":[1,4],"6":[1,3],"7":[1,2]},"_coverageSchema":"1a1c01bbd47fc00a2c39e90264f33305004495a9","hash":"c5d6c2db10cc8fd8f4a0534677e7b1bd589745ad"}
,"C:\\Users\\xadmin\\dev\\github\\repos\\budgetbolt\\ui\\src\\pages\\Auth\\components\\AccountWindow.tsx": {"path":"C:\\Users\\xadmin\\dev\\github\\repos\\budgetbolt\\ui\\src\\pages\\Auth\\components\\AccountWindow.tsx","statementMap":{"0":{"start":{"line":3,"column":22},"end":{"line":10,"column":1}},"1":{"start":{"line":4,"column":4},"end":{"line":9,"column":6}}},"fnMap":{"0":{"name":"(anonymous_0)","decl":{"start":{"line":3,"column":22},"end":{"line":3,"column":23}},"loc":{"start":{"line":3,"column":28},"end":{"line":10,"column":1}},"line":3}},"branchMap":{},"s":{"0":10,"1":2},"f":{"0":2},"b":{},"_coverageSchema":"1a1c01bbd47fc00a2c39e90264f33305004495a9","hash":"e4c830349b513f906b74b4f70f666a6826dad3af"}
,"C:\\Users\\xadmin\\dev\\github\\repos\\budgetbolt\\ui\\src\\pages\\Auth\\components\\LoginWindow.tsx": {"path":"C:\\Users\\xadmin\\dev\\github\\repos\\budgetbolt\\ui\\src\\pages\\Auth\\components\\LoginWindow.tsx","statementMap":{"0":{"start":{"line":23,"column":37},"end":{"line":91,"column":1}},"1":{"start":{"line":24,"column":19},"end":{"line":24,"column":47}},"2":{"start":{"line":25,"column":20},"end":{"line":25,"column":49}},"3":{"start":{"line":27,"column":4},"end":{"line":90,"column":6}},"4":{"start":{"line":29,"column":108},"end":{"line":29,"column":115}},"5":{"start":{"line":60,"column":107},"end":{"line":60,"column":119}},"6":{"start":{"line":87,"column":66},"end":{"line":87,"column":73}}},"fnMap":{"0":{"name":"(anonymous_0)","decl":{"start":{"line":23,"column":37},"end":{"line":23,"column":38}},"loc":{"start":{"line":23,"column":239},"end":{"line":91,"column":1}},"line":23},"1":{"name":"(anonymous_1)","decl":{"start":{"line":29,"column":102},"end":{"line":29,"column":103}},"loc":{"start":{"line":29,"column":108},"end":{"line":29,"column":115}},"line":29},"2":{"name":"(anonymous_2)","decl":{"start":{"line":60,"column":101},"end":{"line":60,"column":102}},"loc":{"start":{"line":60,"column":107},"end":{"line":60,"column":119}},"line":60},"3":{"name":"(anonymous_3)","decl":{"start":{"line":87,"column":60},"end":{"line":87,"column":61}},"loc":{"start":{"line":87,"column":66},"end":{"line":87,"column":73}},"line":87}},"branchMap":{"0":{"loc":{"start":{"line":34,"column":17},"end":{"line":43,"column":24}},"type":"cond-expr","locations":[{"start":{"line":35,"column":20},"end":{"line":41,"column":26}},{"start":{"line":43,"column":20},"end":{"line":43,"column":24}}],"line":34},"1":{"loc":{"start":{"line":50,"column":17},"end":{"line":56,"column":24}},"type":"cond-expr","locations":[{"start":{"line":51,"column":20},"end":{"line":54,"column":24}},{"start":{"line":56,"column":20},"end":{"line":56,"column":24}}],"line":50},"2":{"loc":{"start":{"line":62,"column":13},"end":{"line":65,"column":20}},"type":"cond-expr","locations":[{"start":{"line":63,"column":16},"end":{"line":63,"column":131}},{"start":{"line":65,"column":16},"end":{"line":65,"column":20}}],"line":62},"3":{"loc":{"start":{"line":68,"column":13},"end":{"line":71,"column":20}},"type":"cond-expr","locations":[{"start":{"line":69,"column":16},"end":{"line":69,"column":120}},{"start":{"line":71,"column":16},"end":{"line":71,"column":20}}],"line":68},"4":{"loc":{"start":{"line":74,"column":13},"end":{"line":81,"column":20}},"type":"cond-expr","locations":[{"start":{"line":75,"column":16},"end":{"line":79,"column":22}},{"start":{"line":81,"column":16},"end":{"line":81,"column":20}}],"line":74},"5":{"loc":{"start":{"line":84,"column":13},"end":{"line":87,"column":116}},"type":"cond-expr","locations":[{"start":{"line":85,"column":16},"end":{"line":85,"column":114}},{"start":{"line":87,"column":16},"end":{"line":87,"column":116}}],"line":84}},"s":{"0":10,"1":127,"2":127,"3":127,"4":0,"5":1,"6":6},"f":{"0":127,"1":0,"2":1,"3":6},"b":{"0":[16,111],"1":[53,74],"2":[1,126],"3":[1,126],"4":[1,126],"5":[5,122]},"_coverageSchema":"1a1c01bbd47fc00a2c39e90264f33305004495a9","hash":"32c66fb605598861d649284e767497455caf0493"}
,"C:\\Users\\xadmin\\dev\\github\\repos\\budgetbolt\\ui\\src\\pages\\Auth\\tests\\test-utils.tsx": {"path":"C:\\Users\\xadmin\\dev\\github\\repos\\budgetbolt\\ui\\src\\pages\\Auth\\tests\\test-utils.tsx","statementMap":{"0":{"start":{"line":4,"column":29},"end":{"line":7,"column":1}},"1":{"start":{"line":5,"column":4},"end":{"line":5,"column":63}},"2":{"start":{"line":6,"column":4},"end":{"line":6,"column":63}}},"fnMap":{"0":{"name":"(anonymous_0)","decl":{"start":{"line":4,"column":29},"end":{"line":4,"column":30}},"loc":{"start":{"line":4,"column":69},"end":{"line":7,"column":1}},"line":4}},"branchMap":{},"s":{"0":0,"1":0,"2":0},"f":{"0":0},"b":{}}
,"C:\\Users\\xadmin\\dev\\github\\repos\\budgetbolt\\ui\\src\\pages\\BillTracker\\useCreate.tsx": {"path":"C:\\Users\\xadmin\\dev\\github\\repos\\budgetbolt\\ui\\src\\pages\\BillTracker\\useCreate.tsx","statementMap":{"0":{"start":{"line":14,"column":25},"end":{"line":60,"column":1}},"1":{"start":{"line":16,"column":23},"end":{"line":55,"column":5}},"2":{"start":{"line":17,"column":24},"end":{"line":17,"column":25}},"3":{"start":{"line":18,"column":24},"end":{"line":18,"column":25}},"4":{"start":{"line":20,"column":30},"end":{"line":31,"column":9}},"5":{"start":{"line":21,"column":32},"end":{"line":21,"column":42}},"6":{"start":{"line":22,"column":31},"end":{"line":22,"column":45}},"7":{"start":{"line":25,"column":29},"end":{"line":25,"column":73}},"8":{"start":{"line":28,"column":29},"end":{"line":28,"column":72}},"9":{"start":{"line":30,"column":12},"end":{"line":30,"column":28}},"10":{"start":{"line":33,"column":32},"end":{"line":41,"column":9}},"11":{"start":{"line":35,"column":12},"end":{"line":40,"column":13}},"12":{"start":{"line":37,"column":20},"end":{"line":37,"column":41}},"13":{"start":{"line":39,"column":20},"end":{"line":39,"column":30}},"14":{"start":{"line":43,"column":8},"end":{"line":54,"column":10}},"15":{"start":{"line":44,"column":12},"end":{"line":53,"column":14}},"16":{"start":{"line":57,"column":4},"end":{"line":59,"column":6}}},"fnMap":{"0":{"name":"(anonymous_0)","decl":{"start":{"line":14,"column":25},"end":{"line":14,"column":26}},"loc":{"start":{"line":14,"column":31},"end":{"line":60,"column":1}},"line":14},"1":{"name":"(anonymous_1)","decl":{"start":{"line":16,"column":23},"end":{"line":16,"column":24}},"loc":{"start":{"line":16,"column":81},"end":{"line":55,"column":5}},"line":16},"2":{"name":"(anonymous_2)","decl":{"start":{"line":20,"column":30},"end":{"line":20,"column":31}},"loc":{"start":{"line":20,"column":48},"end":{"line":31,"column":9}},"line":20},"3":{"name":"(anonymous_3)","decl":{"start":{"line":33,"column":32},"end":{"line":33,"column":33}},"loc":{"start":{"line":33,"column":54},"end":{"line":41,"column":9}},"line":33},"4":{"name":"(anonymous_4)","decl":{"start":{"line":43,"column":43},"end":{"line":43,"column":44}},"loc":{"start":{"line":44,"column":12},"end":{"line":53,"column":14}},"line":44}},"branchMap":{"0":{"loc":{"start":{"line":16,"column":45},"end":{"line":16,"column":76}},"type":"default-arg","locations":[{"start":{"line":16,"column":62},"end":{"line":16,"column":76}}],"line":16},"1":{"loc":{"start":{"line":35,"column":12},"end":{"line":40,"column":13}},"type":"switch","locations":[{"start":{"line":36,"column":16},"end":{"line":37,"column":41}},{"start":{"line":38,"column":16},"end":{"line":39,"column":30}}],"line":35}},"s":{"0":3,"1":4,"2":4,"3":4,"4":4,"5":2,"6":2,"7":2,"8":2,"9":2,"10":4,"11":2,"12":0,"13":2,"14":4,"15":2,"16":4},"f":{"0":4,"1":4,"2":2,"3":2,"4":2},"b":{"0":[4],"1":[0,2]},"_coverageSchema":"1a1c01bbd47fc00a2c39e90264f33305004495a9","hash":"d20a07e850b000bc13437074ecda69ac0a6f01ad"}
,"C:\\Users\\xadmin\\dev\\github\\repos\\budgetbolt\\ui\\src\\pages\\BillTracker\\components\\Bill.tsx": {"path":"C:\\Users\\xadmin\\dev\\github\\repos\\budgetbolt\\ui\\src\\pages\\BillTracker\\components\\Bill.tsx","statementMap":{"0":{"start":{"line":5,"column":13},"end":{"line":20,"column":1}},"1":{"start":{"line":6,"column":21},"end":{"line":6,"column":45}},"2":{"start":{"line":7,"column":27},"end":{"line":7,"column":38}},"3":{"start":{"line":9,"column":34},"end":{"line":9,"column":49}},"4":{"start":{"line":11,"column":30},"end":{"line":11,"column":51}},"5":{"start":{"line":13,"column":24},"end":{"line":13,"column":53}},"6":{"start":{"line":14,"column":4},"end":{"line":19,"column":6}}},"fnMap":{"0":{"name":"(anonymous_0)","decl":{"start":{"line":5,"column":13},"end":{"line":5,"column":14}},"loc":{"start":{"line":5,"column":19},"end":{"line":20,"column":1}},"line":5}},"branchMap":{"0":{"loc":{"start":{"line":16,"column":13},"end":{"line":16,"column":117}},"type":"cond-expr","locations":[{"start":{"line":16,"column":24},"end":{"line":16,"column":41}},{"start":{"line":16,"column":44},"end":{"line":16,"column":117}}],"line":16}},"s":{"0":3,"1":2,"2":2,"3":2,"4":2,"5":2,"6":2},"f":{"0":2},"b":{"0":[2,0]},"_coverageSchema":"1a1c01bbd47fc00a2c39e90264f33305004495a9","hash":"8d1f8586dc37b6664f4287b93760453d5d0e97ce"}
,"C:\\Users\\xadmin\\dev\\github\\repos\\budgetbolt\\ui\\src\\pages\\Charts\\SavingsTrend.tsx": {"path":"C:\\Users\\xadmin\\dev\\github\\repos\\budgetbolt\\ui\\src\\pages\\Charts\\SavingsTrend.tsx","statementMap":{"0":{"start":{"line":3,"column":21},"end":{"line":59,"column":1}},"1":{"start":{"line":5,"column":16},"end":{"line":5,"column":54}},"2":{"start":{"line":9,"column":19},"end":{"line":11,"column":5}},"3":{"start":{"line":10,"column":8},"end":{"line":10,"column":49}},"4":{"start":{"line":14,"column":4},"end":{"line":48,"column":11}},"5":{"start":{"line":16,"column":23},"end":{"line":16,"column":34}},"6":{"start":{"line":18,"column":8},"end":{"line":47,"column":9}},"7":{"start":{"line":20,"column":28},"end":{"line":20,"column":51}},"8":{"start":{"line":22,"column":12},"end":{"line":46,"column":13}},"9":{"start":{"line":24,"column":16},"end":{"line":24,"column":37}},"10":{"start":{"line":25,"column":16},"end":{"line":25,"column":53}},"11":{"start":{"line":28,"column":16},"end":{"line":28,"column":46}},"12":{"start":{"line":29,"column":16},"end":{"line":29,"column":39}},"13":{"start":{"line":30,"column":16},"end":{"line":30,"column":42}},"14":{"start":{"line":33,"column":16},"end":{"line":33,"column":36}},"15":{"start":{"line":34,"column":16},"end":{"line":34,"column":37}},"16":{"start":{"line":37,"column":24},"end":{"line":37,"column":27}},"17":{"start":{"line":38,"column":16},"end":{"line":42,"column":17}},"18":{"start":{"line":39,"column":33},"end":{"line":39,"column":48}},"19":{"start":{"line":40,"column":20},"end":{"line":40,"column":44}},"20":{"start":{"line":41,"column":20},"end":{"line":41,"column":29}},"21":{"start":{"line":45,"column":16},"end":{"line":45,"column":33}},"22":{"start":{"line":50,"column":4},"end":{"line":58,"column":6}}},"fnMap":{"0":{"name":"(anonymous_0)","decl":{"start":{"line":3,"column":21},"end":{"line":3,"column":22}},"loc":{"start":{"line":3,"column":27},"end":{"line":59,"column":1}},"line":3},"1":{"name":"(anonymous_1)","decl":{"start":{"line":9,"column":19},"end":{"line":9,"column":20}},"loc":{"start":{"line":9,"column":49},"end":{"line":11,"column":5}},"line":9},"2":{"name":"(anonymous_2)","decl":{"start":{"line":14,"column":14},"end":{"line":14,"column":15}},"loc":{"start":{"line":14,"column":20},"end":{"line":48,"column":5}},"line":14}},"branchMap":{"0":{"loc":{"start":{"line":18,"column":8},"end":{"line":47,"column":9}},"type":"if","locations":[{"start":{"line":18,"column":8},"end":{"line":47,"column":9}},{"start":{},"end":{}}],"line":18},"1":{"loc":{"start":{"line":22,"column":12},"end":{"line":46,"column":13}},"type":"if","locations":[{"start":{"line":22,"column":12},"end":{"line":46,"column":13}},{"start":{},"end":{}}],"line":22}},"s":{"0":3,"1":3,"2":3,"3":104,"4":3,"5":3,"6":3,"7":3,"8":3,"9":2,"10":2,"11":2,"12":2,"13":2,"14":2,"15":2,"16":2,"17":2,"18":104,"19":104,"20":104,"21":2,"22":3},"f":{"0":3,"1":104,"2":3},"b":{"0":[3,0],"1":[2,1]},"_coverageSchema":"1a1c01bbd47fc00a2c39e90264f33305004495a9","hash":"663bcdcfee23cff3196960a1318e853b18bb13f0"}
,"C:\\Users\\xadmin\\dev\\github\\repos\\budgetbolt\\ui\\src\\pages\\Dashboard\\DashboardComponent.tsx": {"path":"C:\\Users\\xadmin\\dev\\github\\repos\\budgetbolt\\ui\\src\\pages\\Dashboard\\DashboardComponent.tsx","statementMap":{"0":{"start":{"line":14,"column":44},"end":{"line":50,"column":1}},"1":{"start":{"line":15,"column":4},"end":{"line":49,"column":6}}},"fnMap":{"0":{"name":"(anonymous_0)","decl":{"start":{"line":14,"column":44},"end":{"line":14,"column":45}},"loc":{"start":{"line":14,"column":64},"end":{"line":50,"column":1}},"line":14}},"branchMap":{},"s":{"0":2,"1":1},"f":{"0":1},"b":{},"_coverageSchema":"1a1c01bbd47fc00a2c39e90264f33305004495a9","hash":"34698ddecebc5881bd9d2006865ed662c04cd4ba"}
,"C:\\Users\\xadmin\\dev\\github\\repos\\budgetbolt\\ui\\src\\pages\\Dashboard\\index.tsx": {"path":"C:\\Users\\xadmin\\dev\\github\\repos\\budgetbolt\\ui\\src\\pages\\Dashboard\\index.tsx","statementMap":{"0":{"start":{"line":8,"column":18},"end":{"line":28,"column":1}},"1":{"start":{"line":10,"column":24},"end":{"line":10,"column":46}},"2":{"start":{"line":13,"column":24},"end":{"line":13,"column":48}},"3":{"start":{"line":15,"column":4},"end":{"line":27,"column":6}}},"fnMap":{"0":{"name":"(anonymous_0)","decl":{"start":{"line":8,"column":18},"end":{"line":8,"column":19}},"loc":{"start":{"line":8,"column":24},"end":{"line":28,"column":1}},"line":8}},"branchMap":{"0":{"loc":{"start":{"line":17,"column":13},"end":{"line":25,"column":13}},"type":"cond-expr","locations":[{"start":{"line":19,"column":16},"end":{"line":22,"column":18}},{"start":{"line":24,"column":16},"end":{"line":24,"column":20}}],"line":17}},"s":{"0":1,"1":4,"2":4,"3":4},"f":{"0":4},"b":{"0":[0,4]},"_coverageSchema":"1a1c01bbd47fc00a2c39e90264f33305004495a9","hash":"aa25a6a514976e529826111b4820e7c8fdc3f863"}
,"C:\\Users\\xadmin\\dev\\github\\repos\\budgetbolt\\ui\\src\\pages\\FinancialsSnapshot\\FinancialsSnapshotComponent.tsx": {"path":"C:\\Users\\xadmin\\dev\\github\\repos\\budgetbolt\\ui\\src\\pages\\FinancialsSnapshot\\FinancialsSnapshotComponent.tsx","statementMap":{"0":{"start":{"line":12,"column":47},"end":{"line":25,"column":1}},"1":{"start":{"line":13,"column":4},"end":{"line":24,"column":6}}},"fnMap":{"0":{"name":"(anonymous_0)","decl":{"start":{"line":12,"column":47},"end":{"line":12,"column":48}},"loc":{"start":{"line":12,"column":89},"end":{"line":25,"column":1}},"line":12}},"branchMap":{},"s":{"0":3,"1":2},"f":{"0":2},"b":{},"_coverageSchema":"1a1c01bbd47fc00a2c39e90264f33305004495a9","hash":"5b5d5758ba724148573d7cc2edf04149cca8e47e"}
,"C:\\Users\\xadmin\\dev\\github\\repos\\budgetbolt\\ui\\src\\pages\\FinancialsSnapshot\\index.tsx": {"path":"C:\\Users\\xadmin\\dev\\github\\repos\\budgetbolt\\ui\\src\\pages\\FinancialsSnapshot\\index.tsx","statementMap":{"0":{"start":{"line":3,"column":27},"end":{"line":20,"column":1}},"1":{"start":{"line":5,"column":16},"end":{"line":5,"column":19}},"2":{"start":{"line":10,"column":4},"end":{"line":19,"column":6}}},"fnMap":{"0":{"name":"(anonymous_0)","decl":{"start":{"line":3,"column":27},"end":{"line":3,"column":28}},"loc":{"start":{"line":3,"column":33},"end":{"line":20,"column":1}},"line":3}},"branchMap":{},"s":{"0":2,"1":1,"2":1},"f":{"0":1},"b":{},"_coverageSchema":"1a1c01bbd47fc00a2c39e90264f33305004495a9","hash":"5207d6133a09ec2444e51528c707f6ed21b6d657"}
,"C:\\Users\\xadmin\\dev\\github\\repos\\budgetbolt\\ui\\src\\pages\\HealthIndicator\\HealthIndicatorComponent.tsx": {"path":"C:\\Users\\xadmin\\dev\\github\\repos\\budgetbolt\\ui\\src\\pages\\HealthIndicator\\HealthIndicatorComponent.tsx","statementMap":{"0":{"start":{"line":10,"column":50},"end":{"line":17,"column":1}},"1":{"start":{"line":11,"column":4},"end":{"line":16,"column":6}}},"fnMap":{"0":{"name":"(anonymous_0)","decl":{"start":{"line":10,"column":50},"end":{"line":10,"column":51}},"loc":{"start":{"line":10,"column":75},"end":{"line":17,"column":1}},"line":10}},"branchMap":{},"s":{"0":3,"1":5},"f":{"0":5},"b":{},"_coverageSchema":"1a1c01bbd47fc00a2c39e90264f33305004495a9","hash":"362e6df856ca8cf5b45d4837047b355b9a2f9f3b"}
,"C:\\Users\\xadmin\\dev\\github\\repos\\budgetbolt\\ui\\src\\pages\\HealthIndicator\\index.tsx": {"path":"C:\\Users\\xadmin\\dev\\github\\repos\\budgetbolt\\ui\\src\\pages\\HealthIndicator\\index.tsx","statementMap":{"0":{"start":{"line":5,"column":24},"end":{"line":28,"column":1}},"1":{"start":{"line":7,"column":23},"end":{"line":7,"column":47}},"2":{"start":{"line":9,"column":26},"end":{"line":9,"column":28}},"3":{"start":{"line":12,"column":4},"end":{"line":20,"column":5}},"4":{"start":{"line":13,"column":8},"end":{"line":13,"column":63}},"5":{"start":{"line":14,"column":11},"end":{"line":20,"column":5}},"6":{"start":{"line":15,"column":8},"end":{"line":15,"column":66}},"7":{"start":{"line":16,"column":11},"end":{"line":20,"column":5}},"8":{"start":{"line":17,"column":8},"end":{"line":17,"column":65}},"9":{"start":{"line":18,"column":11},"end":{"line":20,"column":5}},"10":{"start":{"line":19,"column":8},"end":{"line":19,"column":67}},"11":{"start":{"line":22,"column":4},"end":{"line":27,"column":6}}},"fnMap":{"0":{"name":"(anonymous_0)","decl":{"start":{"line":5,"column":24},"end":{"line":5,"column":25}},"loc":{"start":{"line":5,"column":30},"end":{"line":28,"column":1}},"line":5}},"branchMap":{"0":{"loc":{"start":{"line":12,"column":4},"end":{"line":20,"column":5}},"type":"if","locations":[{"start":{"line":12,"column":4},"end":{"line":20,"column":5}},{"start":{"line":14,"column":11},"end":{"line":20,"column":5}}],"line":12},"1":{"loc":{"start":{"line":14,"column":11},"end":{"line":20,"column":5}},"type":"if","locations":[{"start":{"line":14,"column":11},"end":{"line":20,"column":5}},{"start":{"line":16,"column":11},"end":{"line":20,"column":5}}],"line":14},"2":{"loc":{"start":{"line":16,"column":11},"end":{"line":20,"column":5}},"type":"if","locations":[{"start":{"line":16,"column":11},"end":{"line":20,"column":5}},{"start":{"line":18,"column":11},"end":{"line":20,"column":5}}],"line":16},"3":{"loc":{"start":{"line":18,"column":11},"end":{"line":20,"column":5}},"type":"if","locations":[{"start":{"line":18,"column":11},"end":{"line":20,"column":5}},{"start":{},"end":{}}],"line":18}},"s":{"0":3,"1":5,"2":5,"3":5,"4":1,"5":4,"6":1,"7":3,"8":1,"9":2,"10":2,"11":5},"f":{"0":5},"b":{"0":[1,4],"1":[1,3],"2":[1,2],"3":[2,0]},"_coverageSchema":"1a1c01bbd47fc00a2c39e90264f33305004495a9","hash":"0c29bf7e5ac6e61712ad68db18c2cd1d4706c538"}
,"C:\\Users\\xadmin\\dev\\github\\repos\\budgetbolt\\ui\\src\\pages\\MiniWindow\\MiniWindowComponent.tsx": {"path":"C:\\Users\\xadmin\\dev\\github\\repos\\budgetbolt\\ui\\src\\pages\\MiniWindow\\MiniWindowComponent.tsx","statementMap":{"0":{"start":{"line":8,"column":39},"end":{"line":14,"column":1}},"1":{"start":{"line":9,"column":4},"end":{"line":13,"column":6}}},"fnMap":{"0":{"name":"(anonymous_0)","decl":{"start":{"line":8,"column":39},"end":{"line":8,"column":40}},"loc":{"start":{"line":8,"column":45},"end":{"line":14,"column":1}},"line":8}},"branchMap":{},"s":{"0":2,"1":1},"f":{"0":1},"b":{},"_coverageSchema":"1a1c01bbd47fc00a2c39e90264f33305004495a9","hash":"076786e7111e9f79d2ccf6c8b0cf1f7b66d6e179"}
,"C:\\Users\\xadmin\\dev\\github\\repos\\budgetbolt\\ui\\src\\pages\\MiniWindow\\index.tsx": {"path":"C:\\Users\\xadmin\\dev\\github\\repos\\budgetbolt\\ui\\src\\pages\\MiniWindow\\index.tsx","statementMap":{"0":{"start":{"line":3,"column":19},"end":{"line":8,"column":1}},"1":{"start":{"line":4,"column":4},"end":{"line":7,"column":6}}},"fnMap":{"0":{"name":"(anonymous_0)","decl":{"start":{"line":3,"column":19},"end":{"line":3,"column":20}},"loc":{"start":{"line":3,"column":25},"end":{"line":8,"column":1}},"line":3}},"branchMap":{},"s":{"0":2,"1":1},"f":{"0":1},"b":{},"_coverageSchema":"1a1c01bbd47fc00a2c39e90264f33305004495a9","hash":"0b7d780fef78d58f00e21c01aa7af083e05ace6e"}
,"C:\\Users\\xadmin\\dev\\github\\repos\\budgetbolt\\ui\\src\\pages\\Plaid\\PlaidLink.tsx": {"path":"C:\\Users\\xadmin\\dev\\github\\repos\\budgetbolt\\ui\\src\\pages\\Plaid\\PlaidLink.tsx","statementMap":{"0":{"start":{"line":7,"column":18},"end":{"line":85,"column":1}},"1":{"start":{"line":9,"column":32},"end":{"line":9,"column":54}},"2":{"start":{"line":10,"column":24},"end":{"line":10,"column":46}},"3":{"start":{"line":11,"column":28},"end":{"line":11,"column":52}},"4":{"start":{"line":14,"column":20},"end":{"line":50,"column":3}},"5":{"start":{"line":16,"column":27},"end":{"line":45,"column":7}},"6":{"start":{"line":18,"column":25},"end":{"line":27,"column":10}},"7":{"start":{"line":30,"column":28},"end":{"line":38,"column":10}},"8":{"start":{"line":40,"column":8},"end":{"line":44,"column":9}},"9":{"start":{"line":41,"column":10},"end":{"line":41,"column":73}},"10":{"start":{"line":43,"column":10},"end":{"line":43,"column":93}},"11":{"start":{"line":46,"column":6},"end":{"line":46,"column":21}},"12":{"start":{"line":47,"column":6},"end":{"line":47,"column":44}},"13":{"start":{"line":52,"column":16},"end":{"line":52,"column":21}},"14":{"start":{"line":54,"column":53},"end":{"line":57,"column":3}},"15":{"start":{"line":59,"column":2},"end":{"line":62,"column":3}},"16":{"start":{"line":60,"column":4},"end":{"line":60,"column":54}},"17":{"start":{"line":61,"column":4},"end":{"line":61,"column":19}},"18":{"start":{"line":65,"column":26},"end":{"line":65,"column":46}},"19":{"start":{"line":68,"column":2},"end":{"line":72,"column":29}},"20":{"start":{"line":69,"column":4},"end":{"line":71,"column":5}},"21":{"start":{"line":70,"column":6},"end":{"line":70,"column":13}},"22":{"start":{"line":74,"column":2},"end":{"line":84,"column":4}},"23":{"start":{"line":78,"column":27},"end":{"line":78,"column":33}}},"fnMap":{"0":{"name":"(anonymous_0)","decl":{"start":{"line":7,"column":18},"end":{"line":7,"column":19}},"loc":{"start":{"line":7,"column":24},"end":{"line":85,"column":1}},"line":7},"1":{"name":"(anonymous_1)","decl":{"start":{"line":15,"column":4},"end":{"line":15,"column":5}},"loc":{"start":{"line":15,"column":36},"end":{"line":48,"column":5}},"line":15},"2":{"name":"(anonymous_2)","decl":{"start":{"line":16,"column":27},"end":{"line":16,"column":28}},"loc":{"start":{"line":16,"column":39},"end":{"line":45,"column":7}},"line":16},"3":{"name":"(anonymous_3)","decl":{"start":{"line":68,"column":12},"end":{"line":68,"column":13}},"loc":{"start":{"line":68,"column":18},"end":{"line":72,"column":3}},"line":68},"4":{"name":"(anonymous_4)","decl":{"start":{"line":78,"column":21},"end":{"line":78,"column":22}},"loc":{"start":{"line":78,"column":27},"end":{"line":78,"column":33}},"line":78}},"branchMap":{"0":{"loc":{"start":{"line":40,"column":8},"end":{"line":44,"column":9}},"type":"if","locations":[{"start":{"line":40,"column":8},"end":{"line":44,"column":9}},{"start":{"line":42,"column":15},"end":{"line":44,"column":9}}],"line":40},"1":{"loc":{"start":{"line":40,"column":12},"end":{"line":40,"column":41}},"type":"binary-expr","locations":[{"start":{"line":40,"column":12},"end":{"line":40,"column":26}},{"start":{"line":40,"column":30},"end":{"line":40,"column":41}}],"line":40},"2":{"loc":{"start":{"line":59,"column":2},"end":{"line":62,"column":3}},"type":"if","locations":[{"start":{"line":59,"column":2},"end":{"line":62,"column":3}},{"start":{},"end":{}}],"line":59},"3":{"loc":{"start":{"line":69,"column":4},"end":{"line":71,"column":5}},"type":"if","locations":[{"start":{"line":69,"column":4},"end":{"line":71,"column":5}},{"start":{},"end":{}}],"line":69},"4":{"loc":{"start":{"line":69,"column":8},"end":{"line":69,"column":24}},"type":"binary-expr","locations":[{"start":{"line":69,"column":8},"end":{"line":69,"column":15}},{"start":{"line":69,"column":19},"end":{"line":69,"column":24}}],"line":69}},"s":{"0":11,"1":4,"2":4,"3":4,"4":4,"5":0,"6":0,"7":0,"8":0,"9":0,"10":0,"11":0,"12":0,"13":4,"14":4,"15":4,"16":2,"17":2,"18":4,"19":4,"20":4,"21":1,"22":4,"23":0},"f":{"0":4,"1":0,"2":0,"3":4,"4":0},"b":{"0":[0,0],"1":[0,0],"2":[2,2],"3":[1,3],"4":[4,2]},"_coverageSchema":"1a1c01bbd47fc00a2c39e90264f33305004495a9","hash":"a3ea21e3784ed82e39683a3f64f73bece6c26db5"}
,"C:\\Users\\xadmin\\dev\\github\\repos\\budgetbolt\\ui\\src\\pages\\Refresh\\RefreshComponent.tsx": {"path":"C:\\Users\\xadmin\\dev\\github\\repos\\budgetbolt\\ui\\src\\pages\\Refresh\\RefreshComponent.tsx","statementMap":{"0":{"start":{"line":11,"column":36},"end":{"line":24,"column":1}},"1":{"start":{"line":13,"column":24},"end":{"line":13,"column":53}},"2":{"start":{"line":15,"column":4},"end":{"line":23,"column":6}},"3":{"start":{"line":19,"column":27},"end":{"line":19,"column":36}}},"fnMap":{"0":{"name":"(anonymous_0)","decl":{"start":{"line":11,"column":36},"end":{"line":11,"column":37}},"loc":{"start":{"line":11,"column":70},"end":{"line":24,"column":1}},"line":11},"1":{"name":"(anonymous_1)","decl":{"start":{"line":19,"column":21},"end":{"line":19,"column":22}},"loc":{"start":{"line":19,"column":27},"end":{"line":19,"column":36}},"line":19}},"branchMap":{"0":{"loc":{"start":{"line":18,"column":23},"end":{"line":18,"column":123}},"type":"cond-expr","locations":[{"start":{"line":18,"column":35},"end":{"line":18,"column":76}},{"start":{"line":18,"column":79},"end":{"line":18,"column":123}}],"line":18}},"s":{"0":3,"1":5,"2":5,"3":1},"f":{"0":5,"1":1},"b":{"0":[1,4]},"_coverageSchema":"1a1c01bbd47fc00a2c39e90264f33305004495a9","hash":"dd3e5574a6c02c449e75a121509a944eac5abe7a"}
,"C:\\Users\\xadmin\\dev\\github\\repos\\budgetbolt\\ui\\src\\pages\\Refresh\\index.tsx": {"path":"C:\\Users\\xadmin\\dev\\github\\repos\\budgetbolt\\ui\\src\\pages\\Refresh\\index.tsx","statementMap":{"0":{"start":{"line":7,"column":16},"end":{"line":34,"column":1}},"1":{"start":{"line":9,"column":21},"end":{"line":9,"column":45}},"2":{"start":{"line":10,"column":48},"end":{"line":10,"column":70}},"3":{"start":{"line":13,"column":31},"end":{"line":22,"column":5}},"4":{"start":{"line":15,"column":8},"end":{"line":21,"column":11}},"5":{"start":{"line":24,"column":4},"end":{"line":33,"column":6}},"6":{"start":{"line":29,"column":16},"end":{"line":29,"column":37}}},"fnMap":{"0":{"name":"(anonymous_0)","decl":{"start":{"line":7,"column":16},"end":{"line":7,"column":17}},"loc":{"start":{"line":7,"column":22},"end":{"line":34,"column":1}},"line":7},"1":{"name":"(anonymous_1)","decl":{"start":{"line":13,"column":31},"end":{"line":13,"column":32}},"loc":{"start":{"line":13,"column":37},"end":{"line":22,"column":5}},"line":13},"2":{"name":"(anonymous_2)","decl":{"start":{"line":28,"column":21},"end":{"line":28,"column":22}},"loc":{"start":{"line":28,"column":27},"end":{"line":30,"column":13}},"line":28}},"branchMap":{},"s":{"0":3,"1":3,"2":3,"3":3,"4":1,"5":3,"6":1},"f":{"0":3,"1":1,"2":1},"b":{},"_coverageSchema":"1a1c01bbd47fc00a2c39e90264f33305004495a9","hash":"2b5cc7f8a1790c7310b90e64128c7fc32b98aad8"}
,"C:\\Users\\xadmin\\dev\\github\\repos\\budgetbolt\\ui\\src\\pages\\Sideview\\SideviewComponent.tsx": {"path":"C:\\Users\\xadmin\\dev\\github\\repos\\budgetbolt\\ui\\src\\pages\\Sideview\\SideviewComponent.tsx","statementMap":{"0":{"start":{"line":11,"column":43},"end":{"line":22,"column":1}},"1":{"start":{"line":12,"column":4},"end":{"line":21,"column":6}}},"fnMap":{"0":{"name":"(anonymous_0)","decl":{"start":{"line":11,"column":43},"end":{"line":11,"column":44}},"loc":{"start":{"line":11,"column":63},"end":{"line":22,"column":1}},"line":11}},"branchMap":{},"s":{"0":2,"1":1},"f":{"0":1},"b":{},"_coverageSchema":"1a1c01bbd47fc00a2c39e90264f33305004495a9","hash":"64aa64b4ef0a44e8b3ec7a428ccc387ec575e70c"}
,"C:\\Users\\xadmin\\dev\\github\\repos\\budgetbolt\\ui\\src\\pages\\Sideview\\index.tsx": {"path":"C:\\Users\\xadmin\\dev\\github\\repos\\budgetbolt\\ui\\src\\pages\\Sideview\\index.tsx","statementMap":{"0":{"start":{"line":7,"column":17},"end":{"line":28,"column":1}},"1":{"start":{"line":9,"column":39},"end":{"line":9,"column":61}},"2":{"start":{"line":10,"column":24},"end":{"line":10,"column":48}},"3":{"start":{"line":12,"column":4},"end":{"line":27,"column":6}}},"fnMap":{"0":{"name":"(anonymous_0)","decl":{"start":{"line":7,"column":17},"end":{"line":7,"column":18}},"loc":{"start":{"line":7,"column":23},"end":{"line":28,"column":1}},"line":7}},"branchMap":{"0":{"loc":{"start":{"line":14,"column":13},"end":{"line":25,"column":13}},"type":"cond-expr","locations":[{"start":{"line":16,"column":16},"end":{"line":22,"column":18}},{"start":{"line":24,"column":16},"end":{"line":24,"column":20}}],"line":14}},"s":{"0":2,"1":5,"2":5,"3":5},"f":{"0":5},"b":{"0":[1,4]},"_coverageSchema":"1a1c01bbd47fc00a2c39e90264f33305004495a9","hash":"2bbd91a7add773f1fe9d4cce5ad672ebeec518ca"}
,"C:\\Users\\xadmin\\dev\\github\\repos\\budgetbolt\\ui\\src\\pages\\Transaction\\TransactionComponent.tsx": {"path":"C:\\Users\\xadmin\\dev\\github\\repos\\budgetbolt\\ui\\src\\pages\\Transaction\\TransactionComponent.tsx","statementMap":{"0":{"start":{"line":12,"column":46},"end":{"line":24,"column":1}},"1":{"start":{"line":14,"column":17},"end":{"line":14,"column":56}},"2":{"start":{"line":16,"column":4},"end":{"line":23,"column":6}}},"fnMap":{"0":{"name":"(anonymous_0)","decl":{"start":{"line":12,"column":46},"end":{"line":12,"column":47}},"loc":{"start":{"line":12,"column":90},"end":{"line":24,"column":1}},"line":12}},"branchMap":{},"s":{"0":3,"1":2,"2":2},"f":{"0":2},"b":{},"_coverageSchema":"1a1c01bbd47fc00a2c39e90264f33305004495a9","hash":"a581bea39a0c30f2d862b896ca379aa64f084e1b"}
,"C:\\Users\\xadmin\\dev\\github\\repos\\budgetbolt\\ui\\src\\pages\\Transaction\\index.tsx": {"path":"C:\\Users\\xadmin\\dev\\github\\repos\\budgetbolt\\ui\\src\\pages\\Transaction\\index.tsx","statementMap":{"0":{"start":{"line":18,"column":29},"end":{"line":98,"column":1}},"1":{"start":{"line":19,"column":44},"end":{"line":19,"column":71}},"2":{"start":{"line":20,"column":38},"end":{"line":20,"column":53}},"3":{"start":{"line":23,"column":57},"end":{"line":23,"column":79}},"4":{"start":{"line":24,"column":21},"end":{"line":24,"column":45}},"5":{"start":{"line":25,"column":24},"end":{"line":25,"column":48}},"6":{"start":{"line":27,"column":20},"end":{"line":27,"column":21}},"7":{"start":{"line":28,"column":20},"end":{"line":28,"column":22}},"8":{"start":{"line":29,"column":22},"end":{"line":29,"column":29}},"9":{"start":{"line":31,"column":4},"end":{"line":79,"column":41}},"10":{"start":{"line":32,"column":24},"end":{"line":32,"column":58}},"11":{"start":{"line":35,"column":34},"end":{"line":37,"column":9}},"12":{"start":{"line":36,"column":12},"end":{"line":36,"column":138}},"13":{"start":{"line":40,"column":37},"end":{"line":70,"column":9}},"14":{"start":{"line":41,"column":12},"end":{"line":69,"column":13}},"15":{"start":{"line":42,"column":16},"end":{"line":47,"column":19}},"16":{"start":{"line":49,"column":32},"end":{"line":49,"column":52}},"17":{"start":{"line":50,"column":28},"end":{"line":50,"column":71}},"18":{"start":{"line":51,"column":16},"end":{"line":53,"column":30}},"19":{"start":{"line":54,"column":41},"end":{"line":56,"column":18}},"20":{"start":{"line":58,"column":16},"end":{"line":63,"column":17}},"21":{"start":{"line":59,"column":33},"end":{"line":59,"column":62}},"22":{"start":{"line":60,"column":20},"end":{"line":60,"column":58}},"23":{"start":{"line":62,"column":20},"end":{"line":62,"column":69}},"24":{"start":{"line":65,"column":16},"end":{"line":65,"column":58}},"25":{"start":{"line":65,"column":29},"end":{"line":65,"column":58}},"26":{"start":{"line":66,"column":16},"end":{"line":66,"column":36}},"27":{"start":{"line":68,"column":16},"end":{"line":68,"column":63}},"28":{"start":{"line":73,"column":8},"end":{"line":78,"column":9}},"29":{"start":{"line":74,"column":12},"end":{"line":74,"column":79}},"30":{"start":{"line":74,"column":25},"end":{"line":74,"column":79}},"31":{"start":{"line":74,"column":58},"end":{"line":74,"column":76}},"32":{"start":{"line":75,"column":12},"end":{"line":75,"column":35}},"33":{"start":{"line":76,"column":31},"end":{"line":76,"column":72}},"34":{"start":{"line":77,"column":12},"end":{"line":77,"column":51}},"35":{"start":{"line":77,"column":25},"end":{"line":77,"column":50}},"36":{"start":{"line":81,"column":20},"end":{"line":81,"column":49}},"37":{"start":{"line":83,"column":4},"end":{"line":97,"column":6}},"38":{"start":{"line":86,"column":16},"end":{"line":92,"column":18}}},"fnMap":{"0":{"name":"(anonymous_0)","decl":{"start":{"line":18,"column":29},"end":{"line":18,"column":30}},"loc":{"start":{"line":18,"column":35},"end":{"line":98,"column":1}},"line":18},"1":{"name":"(anonymous_1)","decl":{"start":{"line":31,"column":14},"end":{"line":31,"column":15}},"loc":{"start":{"line":31,"column":20},"end":{"line":79,"column":5}},"line":31},"2":{"name":"(anonymous_2)","decl":{"start":{"line":35,"column":34},"end":{"line":35,"column":35}},"loc":{"start":{"line":35,"column":40},"end":{"line":37,"column":9}},"line":35},"3":{"name":"(anonymous_3)","decl":{"start":{"line":40,"column":37},"end":{"line":40,"column":38}},"loc":{"start":{"line":40,"column":49},"end":{"line":70,"column":9}},"line":40},"4":{"name":"(anonymous_4)","decl":{"start":{"line":74,"column":50},"end":{"line":74,"column":51}},"loc":{"start":{"line":74,"column":56},"end":{"line":74,"column":78}},"line":74},"5":{"name":"(anonymous_5)","decl":{"start":{"line":77,"column":19},"end":{"line":77,"column":20}},"loc":{"start":{"line":77,"column":25},"end":{"line":77,"column":50}},"line":77},"6":{"name":"(anonymous_6)","decl":{"start":{"line":85,"column":90},"end":{"line":85,"column":91}},"loc":{"start":{"line":86,"column":16},"end":{"line":92,"column":18}},"line":86}},"branchMap":{"0":{"loc":{"start":{"line":58,"column":16},"end":{"line":63,"column":17}},"type":"if","locations":[{"start":{"line":58,"column":16},"end":{"line":63,"column":17}},{"start":{"line":61,"column":23},"end":{"line":63,"column":17}}],"line":58},"1":{"loc":{"start":{"line":65,"column":16},"end":{"line":65,"column":58}},"type":"if","locations":[{"start":{"line":65,"column":16},"end":{"line":65,"column":58}},{"start":{},"end":{}}],"line":65},"2":{"loc":{"start":{"line":73,"column":8},"end":{"line":78,"column":9}},"type":"if","locations":[{"start":{"line":73,"column":8},"end":{"line":78,"column":9}},{"start":{},"end":{}}],"line":73},"3":{"loc":{"start":{"line":74,"column":12},"end":{"line":74,"column":79}},"type":"if","locations":[{"start":{"line":74,"column":12},"end":{"line":74,"column":79}},{"start":{},"end":{}}],"line":74},"4":{"loc":{"start":{"line":85,"column":13},"end":{"line":95,"column":13}},"type":"cond-expr","locations":[{"start":{"line":85,"column":55},"end":{"line":93,"column":14}},{"start":{"line":94,"column":16},"end":{"line":94,"column":86}}],"line":85},"5":{"loc":{"start":{"line":85,"column":13},"end":{"line":85,"column":52}},"type":"binary-expr","locations":[{"start":{"line":85,"column":13},"end":{"line":85,"column":23}},{"start":{"line":85,"column":27},"end":{"line":85,"column":52}}],"line":85},"6":{"loc":{"start":{"line":89,"column":33},"end":{"line":89,"column":111}},"type":"cond-expr","locations":[{"start":{"line":89,"column":71},"end":{"line":89,"column":89}},{"start":{"line":89,"column":92},"end":{"line":89,"column":111}}],"line":89}},"s":{"0":3,"1":5,"2":5,"3":5,"4":5,"5":5,"6":5,"7":5,"8":5,"9":5,"10":3,"11":3,"12":0,"13":3,"14":3,"15":3,"16":2,"17":2,"18":2,"19":2,"20":2,"21":1,"22":1,"23":0,"24":1,"25":0,"26":1,"27":1,"28":3,"29":3,"30":1,"31":0,"32":3,"33":3,"34":3,"35":3,"36":5,"37":5,"38":4},"f":{"0":5,"1":3,"2":0,"3":3,"4":0,"5":3,"6":4},"b":{"0":[1,0],"1":[0,1],"2":[3,0],"3":[1,2],"4":[2,3],"5":[5,5],"6":[4,0]},"_coverageSchema":"1a1c01bbd47fc00a2c39e90264f33305004495a9","hash":"4640b770883441ce002018caf1189b1b1b0a85d9"}
,"C:\\Users\\xadmin\\dev\\github\\repos\\budgetbolt\\ui\\src\\utils\\test.tsx": {"path":"C:\\Users\\xadmin\\dev\\github\\repos\\budgetbolt\\ui\\src\\utils\\test.tsx","statementMap":{"0":{"start":{"line":1,"column":25},"end":{"line":25,"column":6}},"1":{"start":{"line":2,"column":40},"end":{"line":2,"column":42}},"2":{"start":{"line":4,"column":4},"end":{"line":24,"column":6}},"3":{"start":{"line":6,"column":8},"end":{"line":6,"column":34}},"4":{"start":{"line":10,"column":8},"end":{"line":10,"column":27}},"5":{"start":{"line":14,"column":8},"end":{"line":14,"column":19}},"6":{"start":{"line":18,"column":8},"end":{"line":18,"column":26}},"7":{"start":{"line":22,"column":8},"end":{"line":22,"column":21}},"8":{"start":{"line":27,"column":32},"end":{"line":29,"column":1}},"9":{"start":{"line":28,"column":4},"end":{"line":28,"column":79}},"10":{"start":{"line":31,"column":28},"end":{"line":40,"column":1}},"11":{"start":{"line":32,"column":15},"end":{"line":38,"column":4}},"12":{"start":{"line":39,"column":2},"end":{"line":39,"column":14}}},"fnMap":{"0":{"name":"(anonymous_0)","decl":{"start":{"line":1,"column":26},"end":{"line":1,"column":27}},"loc":{"start":{"line":1,"column":32},"end":{"line":25,"column":3}},"line":1},"1":{"name":"(anonymous_1)","decl":{"start":{"line":5,"column":6},"end":{"line":5,"column":7}},"loc":{"start":{"line":5,"column":42},"end":{"line":7,"column":7}},"line":5},"2":{"name":"(anonymous_2)","decl":{"start":{"line":9,"column":6},"end":{"line":9,"column":7}},"loc":{"start":{"line":9,"column":48},"end":{"line":11,"column":7}},"line":9},"3":{"name":"(anonymous_3)","decl":{"start":{"line":13,"column":6},"end":{"line":13,"column":7}},"loc":{"start":{"line":13,"column":20},"end":{"line":15,"column":7}},"line":13},"4":{"name":"(anonymous_4)","decl":{"start":{"line":17,"column":6},"end":{"line":17,"column":7}},"loc":{"start":{"line":17,"column":36},"end":{"line":19,"column":7}},"line":17},"5":{"name":"(anonymous_5)","decl":{"start":{"line":21,"column":6},"end":{"line":21,"column":7}},"loc":{"start":{"line":21,"column":39},"end":{"line":23,"column":7}},"line":21},"6":{"name":"(anonymous_6)","decl":{"start":{"line":27,"column":32},"end":{"line":27,"column":33}},"loc":{"start":{"line":27,"column":38},"end":{"line":29,"column":1}},"line":27},"7":{"name":"(anonymous_7)","decl":{"start":{"line":31,"column":28},"end":{"line":31,"column":29}},"loc":{"start":{"line":31,"column":67},"end":{"line":40,"column":1}},"line":31}},"branchMap":{"0":{"loc":{"start":{"line":6,"column":15},"end":{"line":6,"column":33}},"type":"binary-expr","locations":[{"start":{"line":6,"column":15},"end":{"line":6,"column":25}},{"start":{"line":6,"column":29},"end":{"line":6,"column":33}}],"line":6}},"s":{"0":4,"1":4,"2":4,"3":2,"4":1,"5":4,"6":0,"7":1,"8":4,"9":2,"10":4,"11":16,"12":16},"f":{"0":4,"1":2,"2":1,"3":4,"4":0,"5":1,"6":2,"7":16},"b":{"0":[2,0]},"_coverageSchema":"1a1c01bbd47fc00a2c39e90264f33305004495a9","hash":"1c3e732a0d535f133b4165cd1b625805699193e4"}
}
