TN:
SF:src\App.tsx
FN:12,(anonymous_0)
FN:16,(anonymous_1)
FN:42,(anonymous_2)
FN:43,(anonymous_3)
FNF:4
FNH:4
FNDA:4,(anonymous_0)
FNDA:3,(anonymous_1)
FNDA:4,(anonymous_2)
FNDA:4,(anonymous_3)
DA:12,1
DA:13,4
DA:15,4
DA:17,3
DA:18,3
DA:19,3
DA:25,3
DA:26,1
DA:27,1
DA:29,2
DA:30,2
DA:31,2
DA:32,1
DA:33,1
DA:35,1
DA:36,1
DA:42,4
DA:43,4
DA:44,4
DA:45,1
DA:46,1
DA:48,3
DA:50,4
DA:53,4
LF:24
LH:24
BRDA:25,0,0,1
BRDA:25,0,1,2
BRDA:30,1,0,2
BRDA:30,1,1,0
BRDA:31,2,0,1
BRDA:31,2,1,1
BRDA:44,3,0,1
BRDA:44,3,1,3
BRF:8
BRH:7
end_of_record
TN:
SF:src\context\AppContext.tsx
FN:40,(anonymous_0)
FN:42,(anonymous_1)
FNF:2
FNH:1
FNDA:4,(anonymous_0)
FNDA:0,(anonymous_1)
DA:14,14
DA:34,14
DA:37,14
DA:40,14
DA:42,4
DA:43,0
DA:46,0
DA:49,0
DA:54,4
DA:57,4
LF:10
LH:7
BRDA:43,0,0,0
BRDA:43,0,1,0
BRF:2
BRH:0
end_of_record
TN:
SF:src\context\mock\AppContext.mock.tsx
FN:21,(anonymous_0)
FNF:1
FNH:0
FNDA:0,(anonymous_0)
DA:4,0
DA:6,0
DA:21,0
DA:22,0
DA:27,0
LF:5
LH:0
BRF:0
BRH:0
end_of_record
TN:
SF:src\context\mock\Context.mock.tsx
FN:37,(anonymous_0)
FNF:1
FNH:1
FNDA:24,(anonymous_0)
DA:8,7
DA:9,7
DA:18,7
DA:19,7
DA:26,7
DA:27,7
DA:37,7
DA:38,24
DA:47,24
LF:9
LH:9
BRF:0
BRH:0
end_of_record
TN:
SF:src\context\mock\LoginContext.mock.tsx
FN:22,(anonymous_0)
FNF:1
FNH:1
FNDA:12,(anonymous_0)
DA:5,7
DA:8,7
DA:22,7
DA:23,12
DA:29,12
LF:5
LH:5
BRF:0
BRH:0
end_of_record
TN:
SF:src\context\mock\ThemeContext.mock.tsx
FN:19,(anonymous_0)
FNF:1
FNH:1
FNDA:4,(anonymous_0)
DA:5,1
DA:7,1
DA:19,1
DA:20,4
DA:25,4
LF:5
LH:5
BRF:0
BRH:0
end_of_record
TN:
SF:src\pages\Auth\index.tsx
FN:12,(anonymous_0)
FN:34,(anonymous_1)
FN:35,(anonymous_2)
FN:51,(anonymous_3)
FN:58,(anonymous_4)
FN:61,(anonymous_5)
FN:64,(anonymous_6)
FN:67,(anonymous_7)
FN:72,(anonymous_8)
FN:80,(anonymous_9)
FN:86,(anonymous_10)
FN:91,(anonymous_11)
FN:100,(anonymous_12)
FN:102,(anonymous_13)
FN:117,(anonymous_14)
FN:118,(anonymous_15)
FN:142,(anonymous_16)
FN:143,(anonymous_17)
FNF:18
FNH:18
FNDA:357,(anonymous_0)
FNDA:162,(anonymous_1)
FNDA:162,(anonymous_2)
FNDA:87,(anonymous_3)
FNDA:48,(anonymous_4)
FNDA:48,(anonymous_5)
FNDA:86,(anonymous_6)
FNDA:86,(anonymous_7)
FNDA:1,(anonymous_8)
FNDA:1,(anonymous_9)
FNDA:1,(anonymous_10)
FNDA:1,(anonymous_11)
FNDA:1,(anonymous_12)
FNDA:1,(anonymous_13)
FNDA:54,(anonymous_14)
FNDA:6,(anonymous_15)
FNDA:33,(anonymous_16)
FNDA:5,(anonymous_17)
DA:12,10
DA:14,357
DA:17,357
DA:20,357
DA:21,357
DA:24,357
DA:25,357
DA:28,357
DA:31,357
DA:34,357
DA:35,162
DA:36,162
DA:37,18
DA:39,144
DA:41,162
DA:42,78
DA:44,84
DA:47,162
DA:51,357
DA:52,87
DA:53,1
DA:58,357
DA:59,48
DA:61,357
DA:62,48
DA:64,357
DA:65,86
DA:67,357
DA:68,86
DA:72,357
DA:73,1
DA:74,1
DA:75,1
DA:76,1
DA:80,357
DA:81,1
DA:82,1
DA:86,357
DA:87,1
DA:91,357
DA:92,1
DA:93,1
DA:96,357
DA:100,1
DA:102,1
DA:117,54
DA:118,6
DA:142,33
DA:143,5
LF:49
LH:49
BRDA:28,0,0,357
BRDA:28,0,1,311
BRDA:28,0,2,147
BRDA:28,0,3,119
BRDA:36,1,0,18
BRDA:36,1,1,144
BRDA:36,2,0,162
BRDA:36,2,1,46
BRDA:41,3,0,78
BRDA:41,3,1,84
BRDA:41,4,0,162
BRDA:41,4,1,154
BRDA:52,5,0,1
BRDA:52,5,1,86
BRDA:99,6,0,355
BRDA:99,6,1,2
BRDA:105,7,0,208
BRDA:105,7,1,149
BRDA:131,8,0,136
BRDA:131,8,1,221
BRDA:155,9,0,2
BRDA:155,9,1,355
BRF:22
BRH:22
end_of_record
TN:
SF:src\pages\Auth\useLogin.tsx
FN:8,(anonymous_0)
FN:21,(anonymous_1)
FN:29,(anonymous_2)
FNF:3
FNH:3
FNDA:357,(anonymous_0)
FNDA:1,(anonymous_1)
FNDA:12,(anonymous_2)
DA:8,10
DA:10,357
DA:11,357
DA:14,357
DA:15,357
DA:16,357
DA:17,357
DA:18,357
DA:21,357
DA:22,1
DA:23,1
DA:24,1
DA:25,1
DA:29,357
DA:30,12
DA:31,8
DA:32,8
DA:33,8
DA:34,8
DA:36,5
DA:37,5
DA:38,5
DA:44,5
DA:47,3
DA:49,3
DA:59,8
DA:60,3
DA:61,3
DA:63,3
DA:64,3
DA:65,3
DA:66,1
DA:68,5
DA:69,1
DA:70,1
DA:71,4
DA:72,1
DA:73,1
DA:74,3
DA:75,1
DA:76,1
DA:78,2
DA:79,2
DA:82,0
DA:83,0
DA:84,0
DA:90,357
LF:47
LH:44
BRDA:30,0,0,8
BRDA:30,0,1,4
BRDA:34,1,0,5
BRDA:34,1,1,3
BRDA:47,2,0,3
BRDA:47,2,1,0
BRDA:59,3,0,3
BRDA:59,3,1,5
BRDA:65,4,0,1
BRDA:65,4,1,2
BRDA:68,5,0,1
BRDA:68,5,1,4
BRDA:71,6,0,1
BRDA:71,6,1,3
BRDA:74,7,0,1
BRDA:74,7,1,2
BRF:16
BRH:15
end_of_record
TN:
SF:src\pages\Auth\components\AccountWindow.tsx
FN:3,(anonymous_0)
FNF:1
FNH:1
FNDA:2,(anonymous_0)
DA:3,10
DA:4,2
LF:2
LH:2
BRF:0
BRH:0
end_of_record
TN:
SF:src\pages\Auth\components\LoginWindow.tsx
FN:23,(anonymous_0)
FN:29,(anonymous_1)
FN:60,(anonymous_2)
FN:87,(anonymous_3)
FNF:4
FNH:3
FNDA:127,(anonymous_0)
FNDA:0,(anonymous_1)
FNDA:1,(anonymous_2)
FNDA:6,(anonymous_3)
DA:23,10
DA:24,127
DA:25,127
DA:27,127
DA:29,0
DA:60,1
DA:87,6
LF:7
LH:6
BRDA:34,0,0,16
BRDA:34,0,1,111
BRDA:50,1,0,53
BRDA:50,1,1,74
BRDA:62,2,0,1
BRDA:62,2,1,126
BRDA:68,3,0,1
BRDA:68,3,1,126
BRDA:74,4,0,1
BRDA:74,4,1,126
BRDA:84,5,0,5
BRDA:84,5,1,122
BRF:12
BRH:12
end_of_record
TN:
SF:src\pages\Auth\tests\test-utils.tsx
FN:4,(anonymous_0)
FNF:1
FNH:0
FNDA:0,(anonymous_0)
DA:4,0
DA:5,0
DA:6,0
LF:3
LH:0
BRF:0
BRH:0
end_of_record
TN:
SF:src\pages\BillTracker\useCreate.tsx
FN:14,(anonymous_0)
FN:16,(anonymous_1)
FN:20,(anonymous_2)
FN:33,(anonymous_3)
FN:43,(anonymous_4)
FNF:5
FNH:5
FNDA:4,(anonymous_0)
FNDA:4,(anonymous_1)
FNDA:2,(anonymous_2)
FNDA:2,(anonymous_3)
FNDA:2,(anonymous_4)
DA:14,3
DA:16,4
DA:17,4
DA:18,4
DA:20,4
DA:21,2
DA:22,2
DA:25,2
DA:28,2
DA:30,2
DA:33,4
DA:35,2
DA:37,0
DA:39,2
DA:43,4
DA:44,2
DA:57,4
LF:17
LH:16
BRDA:16,0,0,4
BRDA:35,1,0,0
BRDA:35,1,1,2
BRF:3
BRH:2
end_of_record
TN:
SF:src\pages\BillTracker\components\Bill.tsx
FN:5,(anonymous_0)
FNF:1
FNH:1
FNDA:2,(anonymous_0)
DA:5,3
DA:6,2
DA:7,2
DA:9,2
DA:11,2
DA:13,2
DA:14,2
LF:7
LH:7
BRDA:16,0,0,2
BRDA:16,0,1,0
BRF:2
BRH:1
end_of_record
TN:
SF:src\pages\Charts\SavingsTrend.tsx
FN:3,(anonymous_0)
FN:9,(anonymous_1)
FN:14,(anonymous_2)
FNF:3
FNH:3
FNDA:3,(anonymous_0)
FNDA:104,(anonymous_1)
FNDA:3,(anonymous_2)
DA:3,3
DA:5,3
DA:9,3
DA:10,104
DA:14,3
DA:16,3
DA:18,3
DA:20,3
DA:22,3
DA:24,2
DA:25,2
DA:28,2
DA:29,2
DA:30,2
DA:33,2
DA:34,2
DA:37,2
DA:38,2
DA:39,104
DA:40,104
DA:41,104
DA:45,2
DA:50,3
LF:23
LH:23
BRDA:18,0,0,3
BRDA:18,0,1,0
BRDA:22,1,0,2
BRDA:22,1,1,1
BRF:4
BRH:3
end_of_record
TN:
SF:src\pages\Dashboard\DashboardComponent.tsx
FN:14,(anonymous_0)
FNF:1
FNH:1
FNDA:1,(anonymous_0)
DA:14,2
DA:15,1
LF:2
LH:2
BRF:0
BRH:0
end_of_record
TN:
SF:src\pages\Dashboard\index.tsx
FN:8,(anonymous_0)
FNF:1
FNH:1
FNDA:4,(anonymous_0)
DA:8,1
DA:10,4
DA:13,4
DA:15,4
LF:4
LH:4
BRDA:17,0,0,0
BRDA:17,0,1,4
BRF:2
BRH:1
end_of_record
TN:
SF:src\pages\FinancialsSnapshot\FinancialsSnapshotComponent.tsx
FN:12,(anonymous_0)
FNF:1
FNH:1
FNDA:2,(anonymous_0)
DA:12,3
DA:13,2
LF:2
LH:2
BRF:0
BRH:0
end_of_record
TN:
SF:src\pages\FinancialsSnapshot\index.tsx
FN:3,(anonymous_0)
FNF:1
FNH:1
FNDA:1,(anonymous_0)
DA:3,2
DA:5,1
DA:10,1
LF:3
LH:3
BRF:0
BRH:0
end_of_record
TN:
SF:src\pages\HealthIndicator\HealthIndicatorComponent.tsx
FN:10,(anonymous_0)
FNF:1
FNH:1
FNDA:5,(anonymous_0)
DA:10,3
DA:11,5
LF:2
LH:2
BRF:0
BRH:0
end_of_record
TN:
SF:src\pages\HealthIndicator\index.tsx
FN:5,(anonymous_0)
FNF:1
FNH:1
FNDA:5,(anonymous_0)
DA:5,3
DA:7,5
DA:9,5
DA:12,5
DA:13,1
DA:14,4
DA:15,1
DA:16,3
DA:17,1
DA:18,2
DA:19,2
DA:22,5
LF:12
LH:12
BRDA:12,0,0,1
BRDA:12,0,1,4
BRDA:14,1,0,1
BRDA:14,1,1,3
BRDA:16,2,0,1
BRDA:16,2,1,2
BRDA:18,3,0,2
BRDA:18,3,1,0
BRF:8
BRH:7
end_of_record
TN:
SF:src\pages\MiniWindow\MiniWindowComponent.tsx
FN:8,(anonymous_0)
FNF:1
FNH:1
FNDA:1,(anonymous_0)
DA:8,2
DA:9,1
LF:2
LH:2
BRF:0
BRH:0
end_of_record
TN:
SF:src\pages\MiniWindow\index.tsx
FN:3,(anonymous_0)
FNF:1
FNH:1
FNDA:1,(anonymous_0)
DA:3,2
DA:4,1
LF:2
LH:2
BRF:0
BRH:0
end_of_record
TN:
SF:src\pages\Plaid\PlaidLink.tsx
FN:7,(anonymous_0)
FN:15,(anonymous_1)
FN:16,(anonymous_2)
FN:68,(anonymous_3)
FN:78,(anonymous_4)
FNF:5
FNH:2
FNDA:4,(anonymous_0)
FNDA:0,(anonymous_1)
FNDA:0,(anonymous_2)
FNDA:4,(anonymous_3)
FNDA:0,(anonymous_4)
DA:7,11
DA:9,4
DA:10,4
DA:11,4
DA:14,4
DA:16,0
DA:18,0
DA:30,0
DA:40,0
DA:41,0
DA:43,0
DA:46,0
DA:47,0
DA:52,4
DA:54,4
DA:59,4
DA:60,2
DA:61,2
DA:65,4
DA:68,4
DA:69,4
DA:70,1
DA:74,4
DA:78,0
LF:24
LH:15
BRDA:40,0,0,0
BRDA:40,0,1,0
BRDA:40,1,0,0
BRDA:40,1,1,0
BRDA:59,2,0,2
BRDA:59,2,1,2
BRDA:69,3,0,1
BRDA:69,3,1,3
BRDA:69,4,0,4
BRDA:69,4,1,2
BRF:10
BRH:6
end_of_record
TN:
SF:src\pages\Refresh\RefreshComponent.tsx
FN:11,(anonymous_0)
FN:19,(anonymous_1)
FNF:2
FNH:2
FNDA:5,(anonymous_0)
FNDA:1,(anonymous_1)
DA:11,3
DA:13,5
DA:15,5
DA:19,1
LF:4
LH:4
BRDA:18,0,0,1
BRDA:18,0,1,4
BRF:2
BRH:2
end_of_record
TN:
SF:src\pages\Refresh\index.tsx
FN:7,(anonymous_0)
FN:13,(anonymous_1)
FN:28,(anonymous_2)
FNF:3
FNH:3
FNDA:3,(anonymous_0)
FNDA:1,(anonymous_1)
FNDA:1,(anonymous_2)
DA:7,3
DA:9,3
DA:10,3
DA:13,3
DA:15,1
DA:24,3
DA:29,1
LF:7
LH:7
BRF:0
BRH:0
end_of_record
TN:
SF:src\pages\Sideview\SideviewComponent.tsx
FN:11,(anonymous_0)
FNF:1
FNH:1
FNDA:1,(anonymous_0)
DA:11,2
DA:12,1
LF:2
LH:2
BRF:0
BRH:0
end_of_record
TN:
SF:src\pages\Sideview\index.tsx
FN:7,(anonymous_0)
FNF:1
FNH:1
FNDA:5,(anonymous_0)
DA:7,2
DA:9,5
DA:10,5
DA:12,5
LF:4
LH:4
BRDA:14,0,0,1
BRDA:14,0,1,4
BRF:2
BRH:2
end_of_record
TN:
SF:src\pages\Transaction\TransactionComponent.tsx
FN:12,(anonymous_0)
FNF:1
FNH:1
FNDA:2,(anonymous_0)
DA:12,3
DA:14,2
DA:16,2
LF:3
LH:3
BRF:0
BRH:0
end_of_record
TN:
SF:src\pages\Transaction\index.tsx
FN:18,(anonymous_0)
FN:31,(anonymous_1)
FN:35,(anonymous_2)
FN:40,(anonymous_3)
FN:74,(anonymous_4)
FN:77,(anonymous_5)
FN:85,(anonymous_6)
FNF:7
FNH:5
FNDA:5,(anonymous_0)
FNDA:3,(anonymous_1)
FNDA:0,(anonymous_2)
FNDA:3,(anonymous_3)
FNDA:0,(anonymous_4)
FNDA:3,(anonymous_5)
FNDA:4,(anonymous_6)
DA:18,3
DA:19,5
DA:20,5
DA:23,5
DA:24,5
DA:25,5
DA:27,5
DA:28,5
DA:29,5
DA:31,5
DA:32,3
DA:35,3
DA:36,0
DA:40,3
DA:41,3
DA:42,3
DA:49,2
DA:50,2
DA:51,2
DA:54,2
DA:58,2
DA:59,1
DA:60,1
DA:62,0
DA:65,1
DA:66,1
DA:68,1
DA:73,3
DA:74,3
DA:75,3
DA:76,3
DA:77,3
DA:81,5
DA:83,5
DA:86,4
LF:35
LH:33
BRDA:58,0,0,1
BRDA:58,0,1,0
BRDA:65,1,0,0
BRDA:65,1,1,1
BRDA:73,2,0,3
BRDA:73,2,1,0
BRDA:74,3,0,1
BRDA:74,3,1,2
BRDA:85,4,0,2
BRDA:85,4,1,3
BRDA:85,5,0,5
BRDA:85,5,1,5
BRDA:89,6,0,4
BRDA:89,6,1,0
BRF:14
BRH:10
end_of_record
TN:
SF:src\utils\test.tsx
FN:1,(anonymous_0)
FN:5,(anonymous_1)
FN:9,(anonymous_2)
FN:13,(anonymous_3)
FN:17,(anonymous_4)
FN:21,(anonymous_5)
FN:27,(anonymous_6)
FN:31,(anonymous_7)
FNF:8
FNH:7
FNDA:4,(anonymous_0)
FNDA:2,(anonymous_1)
FNDA:1,(anonymous_2)
FNDA:4,(anonymous_3)
FNDA:0,(anonymous_4)
FNDA:1,(anonymous_5)
FNDA:2,(anonymous_6)
FNDA:16,(anonymous_7)
DA:1,4
DA:2,4
DA:4,4
DA:6,2
DA:10,1
DA:14,4
DA:18,0
DA:22,1
DA:27,4
DA:28,2
DA:31,4
DA:32,16
DA:39,16
LF:13
LH:12
BRDA:6,0,0,2
BRDA:6,0,1,0
BRF:2
BRH:1
end_of_record
